2026-03-21 01:29:09 [WARNING] telegram — TELEGRAM_CHANNEL_ID not set — Telegram disabled
2026-03-21 01:29:09 [INFO] bot — TradingBot init  initial_capital=$38,785
2026-03-21 01:29:09 [INFO] bot — Trading loop started — press Ctrl+C to stop
2026-03-21 01:29:09 [INFO] bot — Startup: checking for orphan positions…
2026-03-21 01:29:09 [INFO] httpx — HTTP Request: GET https://mock-api.roostoo.com/v3/balance?timestamp=1774027749342 "HTTP/1.1 200 OK"
2026-03-21 01:29:09 [WARNING] bot — Startup: found 6 orphan holding(s): ['AVAX', 'DOGE', 'DOT', 'ETH', 'SOL', 'XRP'] — liquidating…
2026-03-21 01:29:09 [INFO] telegram — [TG MOCK] 🧹 <b>Startup cleanup</b>
Found 6 untracked holding(s): <code>AVAX, DOGE, DOT, ETH, SOL, XRP</code>
Liquidating before tr
2026-03-21 01:29:10 [INFO] bot — Orphan cleanup: skipping AVAX (qty=0.010000  value≈$0.09 — dust)
2026-03-21 01:29:10 [INFO] bot — Orphan cleanup: skipping DOGE (qty=1.000000  value≈$0.09 — dust)
2026-03-21 01:29:10 [INFO] bot — Orphan cleanup: SELL DOT  pair=DOT/USD  qty=4780.600000  ≈$7228.27
2026-03-21 01:29:10 [INFO] httpx — HTTP Request: POST https://mock-api.roostoo.com/v3/place_order "HTTP/1.1 200 OK"
2026-03-21 01:29:10 [INFO] bot — Orphan cleanup: sold DOT  filled_price=$1.51  proceeds=$7,228.27
2026-03-21 01:29:10 [INFO] bot — Orphan cleanup: skipping ETH (qty=0.000300  value≈$0.64 — dust)
2026-03-21 01:29:10 [INFO] bot — Orphan cleanup: rate-limit wait 61s before selling SOL
2026-03-21 01:29:10 [INFO] telegram — [TG MOCK] 🔴 <b>SELL DOTUSDT</b>
  Pair    : <code>DOT/USD</code>
  Price   : <code>$1.5120</code>
  Qty     : <code>4780.600000</c
2026-03-21 01:30:12 [INFO] bot — Orphan cleanup: SELL SOL  pair=SOL/USD  qty=5.191000  ≈$460.44
2026-03-21 01:30:12 [INFO] httpx — HTTP Request: POST https://mock-api.roostoo.com/v3/place_order "HTTP/1.1 200 OK"
2026-03-21 01:30:12 [INFO] bot — Orphan cleanup: sold SOL  filled_price=$88.67  proceeds=$460.29
2026-03-21 01:30:12 [INFO] bot — Orphan cleanup: skipping XRP (qty=0.300000  value≈$0.43 — dust)
2026-03-21 01:30:12 [INFO] bot — Orphan cleanup complete: sold=2  skipped(dust)=4
2026-03-21 01:30:12 [INFO] telegram — [TG MOCK] ✅ <b>Cleanup complete</b>  sold <code>2</code> position(s), skipped <code>4</code> dust holding(s).
Bot is now trading.
2026-03-21 01:30:12 [INFO] bot — ──── cycle 17:30:12 UTC pos=[] ────
2026-03-21 01:30:12 [INFO] telegram — [TG MOCK] 🔴 <b>SELL SOLUSDT</b>
  Pair    : <code>SOL/USD</code>
  Price   : <code>$88.6700</code>
  Qty     : <code>5.191000</cod
2026-03-21 01:30:12 [INFO] httpx — HTTP Request: GET https://mock-api.roostoo.com/v3/balance?timestamp=1774027812698 "HTTP/1.1 200 OK"
2026-03-21 01:30:13 [INFO] signals — Regime: SIDEWAYS  BTC 7d=-1.8%  20d=4.0%  MA50gap=-0.3%
2026-03-21 01:30:14 [INFO] signals — Universe (10): ['BTCUSDT', 'ETHUSDT', 'SOLUSDT', 'BNBUSDT', 'XRPUSDT', 'DOGEUSDT', 'TRXUSDT', 'SUIUSDT', 'ADAUSDT', 'LINKUSDT']
2026-03-21 01:30:14 [INFO] signals — Selected (3): ['TRXUSDT', 'XRPUSDT', 'ETHUSDT']
2026-03-21 01:30:14 [INFO] bot — Rate-limit: skip BUY TRXUSDT (last order 2s ago)
2026-03-21 01:30:14 [INFO] bot — Rate-limit: skip BUY XRPUSDT (last order 2s ago)
2026-03-21 01:30:14 [INFO] bot — Rate-limit: skip BUY ETHUSDT (last order 2s ago)
2026-03-21 01:30:14 [INFO] bot — capital=$40,488.16  peak=$40,488.16  positions=[]  regime=SIDEWAYS
2026-03-21 01:31:12 [INFO] bot — ──── cycle 17:31:12 UTC pos=[] ────
2026-03-21 01:31:12 [INFO] httpx — HTTP Request: GET https://mock-api.roostoo.com/v3/balance?timestamp=1774027872699 "HTTP/1.1 200 OK"
2026-03-21 01:31:12 [INFO] signals — Regime: SIDEWAYS  BTC 7d=-1.8%  20d=4.0%  MA50gap=-0.3%
2026-03-21 01:31:13 [INFO] signals — Universe (10): ['BTCUSDT', 'ETHUSDT', 'SOLUSDT', 'BNBUSDT', 'XRPUSDT', 'DOGEUSDT', 'TRXUSDT', 'SUIUSDT', 'ADAUSDT', 'LINKUSDT']
2026-03-21 01:31:13 [INFO] signals — Selected (3): ['TRXUSDT', 'XRPUSDT', 'ETHUSDT']
2026-03-21 01:31:13 [INFO] bot — → BUY TRXUSDT  pair=TRX/USD  qty=62781.724949  alloc=$19,324.21  price=$0.31  trigger=fallback_entry
2026-03-21 01:31:13 [INFO] httpx — HTTP Request: POST https://mock-api.roostoo.com/v3/place_order "HTTP/1.1 200 OK"
2026-03-21 01:31:13 [ERROR] bot — BUY rejected TRXUSDT: quantity step size error
2026-03-21 01:31:13 [INFO] bot — → BUY XRPUSDT  pair=XRP/USD  qty=4087.349841  alloc=$5,860.03  price=$1.43  trigger=red_day
2026-03-21 01:31:13 [INFO] httpx — HTTP Request: POST https://mock-api.roostoo.com/v3/place_order "HTTP/1.1 200 OK"
2026-03-21 01:31:13 [ERROR] bot — BUY rejected XRPUSDT: quantity step size error
2026-03-21 01:31:13 [INFO] bot — → BUY ETHUSDT  pair=ETH/USD  qty=1.640844  alloc=$3,496.39  price=$2,130.85  trigger=red_day
2026-03-21 01:31:14 [INFO] httpx — HTTP Request: POST https://mock-api.roostoo.com/v3/place_order "HTTP/1.1 200 OK"
2026-03-21 01:31:14 [ERROR] bot — BUY rejected ETHUSDT: quantity step size error
2026-03-21 01:31:14 [INFO] bot — capital=$40,488.16  peak=$40,488.16  positions=[]  regime=SIDEWAYS
2026-03-21 01:32:12 [INFO] bot — ──── cycle 17:32:12 UTC pos=[] ────
2026-03-21 01:32:12 [INFO] httpx — HTTP Request: GET https://mock-api.roostoo.com/v3/balance?timestamp=1774027932715 "HTTP/1.1 200 OK"
2026-03-21 01:32:12 [INFO] signals — Regime: SIDEWAYS  BTC 7d=-1.8%  20d=4.0%  MA50gap=-0.3%
2026-03-21 01:32:13 [INFO] signals — Universe (10): ['BTCUSDT', 'ETHUSDT', 'SOLUSDT', 'BNBUSDT', 'XRPUSDT', 'DOGEUSDT', 'TRXUSDT', 'SUIUSDT', 'ADAUSDT', 'LINKUSDT']
2026-03-21 01:32:13 [INFO] signals — Selected (3): ['TRXUSDT', 'XRPUSDT', 'ETHUSDT']
2026-03-21 01:32:13 [INFO] bot — → BUY TRXUSDT  pair=TRX/USD  qty=62091.212451  alloc=$19,124.09  price=$0.31  trigger=fallback_entry
2026-03-21 01:32:13 [INFO] httpx — HTTP Request: POST https://mock-api.roostoo.com/v3/place_order "HTTP/1.1 200 OK"
2026-03-21 01:32:13 [ERROR] bot — BUY rejected TRXUSDT: quantity step size error
2026-03-21 01:32:13 [INFO] bot — → BUY XRPUSDT  pair=XRP/USD  qty=4082.542983  alloc=$5,850.28  price=$1.43  trigger=red_day
2026-03-21 01:32:13 [INFO] httpx — HTTP Request: POST https://mock-api.roostoo.com/v3/place_order "HTTP/1.1 200 OK"
2026-03-21 01:32:13 [ERROR] bot — BUY rejected XRPUSDT: quantity step size error
2026-03-21 01:32:13 [INFO] bot — → BUY ETHUSDT  pair=ETH/USD  qty=1.641138  alloc=$3,494.51  price=$2,129.32  trigger=red_day
2026-03-21 01:32:13 [INFO] httpx — HTTP Request: POST https://mock-api.roostoo.com/v3/place_order "HTTP/1.1 200 OK"
2026-03-21 01:32:13 [ERROR] bot — BUY rejected ETHUSDT: quantity step size error
2026-03-21 01:32:13 [INFO] bot — capital=$40,488.16  peak=$40,488.16  positions=[]  regime=SIDEWAYS
2026-03-21 01:32:29 [INFO] bot — Bot shut down cleanly
2026-03-21 01:32:29 [INFO] bot — Interrupted by user — goodbye
2026-03-21 01:36:35 [INFO] telegram — Telegram ready  channel=-1003626985311  topic=112
2026-03-21 01:36:35 [INFO] bot — TradingBot init  initial_capital=$38,785
2026-03-21 01:36:36 [INFO] httpx — HTTP Request: POST https://api.telegram.org/bot8791865245:AAFAjyaA46DA-mUxQe16a2Z0XWtOMHcdHxc/getMe "HTTP/1.1 200 OK"
2026-03-21 01:36:36 [INFO] telegram.ext.Application — Application started
2026-03-21 01:36:36 [INFO] httpx — HTTP Request: POST https://api.telegram.org/bot8791865245:AAFAjyaA46DA-mUxQe16a2Z0XWtOMHcdHxc/deleteWebhook "HTTP/1.1 200 OK"
2026-03-21 01:36:36 [INFO] telegram — Telegram polling started
2026-03-21 01:36:36 [INFO] bot — Trading loop started — press Ctrl+C to stop
2026-03-21 01:36:36 [INFO] httpx — HTTP Request: GET https://mock-api.roostoo.com/v3/exchangeInfo "HTTP/1.1 200 OK"
2026-03-21 01:36:36 [INFO] bot — Loaded amount_precision for 67 pairs: 1000CHEEMS/USD=0  AAVE/USD=3  ADA/USD=1  APT/USD=2  ARB/USD=1  ASTER/USD=2  AVAX/USD=2  AVNT/USD=1  BIO/USD=1  BMT/USD=1  BNB/USD=3  BONK/USD=0  BTC/USD=5  CAKE/USD=2  CFX/USD=0  CRV/USD=1  DOGE/USD=0  DOT/USD=2  EDEN/USD=1  EIGEN/USD=2  ENA/USD=2  ETH/USD=4  FET/USD=1  FIL/USD=2  FLOKI/USD=0  FORM/USD=1  HBAR/USD=0  HEMI/USD=1  ICP/USD=2  LINEA/USD=0  LINK/USD=2  LISTA/USD=1  LTC/USD=3  MIRA/USD=1  NEAR/USD=1  OMNI/USD=2  ONDO/USD=1  OPEN/USD=1  PAXG/USD=4  PENDLE/USD=1  PENGU/USD=0  PEPE/USD=0  PLUME/USD=0  POL/USD=1  PUMP/USD=0  S/USD=1  SEI/USD=1  SHIB/USD=0  SOL/USD=3  SOMI/USD=1  STO/USD=1  SUI/USD=1  TAO/USD=4  TON/USD=2  TRUMP/USD=3  TRX/USD=1  TUT/USD=0  UNI/USD=2  VIRTUAL/USD=1  WIF/USD=2  WLD/USD=1  WLFI/USD=1  XLM/USD=0  XPL/USD=1  XRP/USD=1  ZEC/USD=3  ZEN/USD=2
2026-03-21 01:36:36 [INFO] bot — Startup: checking for orphan positions…
2026-03-21 01:36:36 [INFO] httpx — HTTP Request: GET https://mock-api.roostoo.com/v3/balance?timestamp=1774028196308 "HTTP/1.1 200 OK"
2026-03-21 01:36:36 [WARNING] bot — Startup: found 4 orphan holding(s): ['AVAX', 'DOGE', 'ETH', 'XRP'] — liquidating…
2026-03-21 01:36:36 [INFO] httpx — HTTP Request: POST https://api.telegram.org/bot8791865245:AAFAjyaA46DA-mUxQe16a2Z0XWtOMHcdHxc/sendMessage "HTTP/1.1 200 OK"
2026-03-21 01:36:37 [INFO] bot — Orphan cleanup: skipping AVAX (qty=0.010000  value≈$0.09 — dust)
2026-03-21 01:36:37 [INFO] bot — Orphan cleanup: skipping DOGE (qty=1.000000  value≈$0.09 — dust)
2026-03-21 01:36:37 [INFO] bot — Orphan cleanup: skipping ETH (qty=0.000300  value≈$0.64 — dust)
2026-03-21 01:36:37 [INFO] bot — Orphan cleanup: skipping XRP (qty=0.300000  value≈$0.43 — dust)
2026-03-21 01:36:37 [INFO] bot — Orphan cleanup complete: sold=0  skipped(dust)=4
2026-03-21 01:36:37 [INFO] bot — ──── cycle 17:36:37 UTC pos=[] ────
2026-03-21 01:36:37 [INFO] httpx — HTTP Request: GET https://mock-api.roostoo.com/v3/balance?timestamp=1774028197233 "HTTP/1.1 200 OK"
2026-03-21 01:36:37 [INFO] signals — Regime: SIDEWAYS  BTC 7d=-2.0%  20d=3.8%  MA50gap=-0.5%
2026-03-21 01:36:38 [INFO] signals — Universe (10): ['BTCUSDT', 'ETHUSDT', 'SOLUSDT', 'BNBUSDT', 'XRPUSDT', 'DOGEUSDT', 'TRXUSDT', 'SUIUSDT', 'ADAUSDT', 'LINKUSDT']
2026-03-21 01:36:38 [INFO] signals — Selected (3): ['TRXUSDT', 'XRPUSDT', 'ETHUSDT']
2026-03-21 01:36:38 [INFO] bot — → BUY TRXUSDT  pair=TRX/USD  qty=62781.7  alloc=$19,324.21  price=$0.31  trigger=fallback_entry
2026-03-21 01:36:39 [INFO] httpx — HTTP Request: POST https://mock-api.roostoo.com/v3/place_order "HTTP/1.1 200 OK"
2026-03-21 01:36:39 [INFO] bot — ✓ BUY filled TRXUSDT  price=$0.31  qty=62781.7  stop=$0.29  tp=$0.35
2026-03-21 01:36:39 [INFO] bot — capital=$40,488.16  peak=$40,488.16  positions=['TRXUSDT']  regime=SIDEWAYS
2026-03-21 01:36:39 [INFO] httpx — HTTP Request: POST https://api.telegram.org/bot8791865245:AAFAjyaA46DA-mUxQe16a2Z0XWtOMHcdHxc/sendMessage "HTTP/1.1 200 OK"
2026-03-21 01:36:46 [INFO] httpx — HTTP Request: POST https://api.telegram.org/bot8791865245:AAFAjyaA46DA-mUxQe16a2Z0XWtOMHcdHxc/getUpdates "HTTP/1.1 200 OK"
2026-03-21 01:36:56 [INFO] httpx — HTTP Request: POST https://api.telegram.org/bot8791865245:AAFAjyaA46DA-mUxQe16a2Z0XWtOMHcdHxc/getUpdates "HTTP/1.1 200 OK"
2026-03-21 01:37:07 [INFO] httpx — HTTP Request: POST https://api.telegram.org/bot8791865245:AAFAjyaA46DA-mUxQe16a2Z0XWtOMHcdHxc/getUpdates "HTTP/1.1 200 OK"
2026-03-21 01:37:17 [INFO] httpx — HTTP Request: POST https://api.telegram.org/bot8791865245:AAFAjyaA46DA-mUxQe16a2Z0XWtOMHcdHxc/getUpdates "HTTP/1.1 200 OK"
2026-03-21 01:37:21 [INFO] httpx — HTTP Request: POST https://api.telegram.org/bot8791865245:AAFAjyaA46DA-mUxQe16a2Z0XWtOMHcdHxc/getUpdates "HTTP/1.1 200 OK"
2026-03-21 01:37:21 [INFO] httpx — HTTP Request: POST https://api.telegram.org/bot8791865245:AAFAjyaA46DA-mUxQe16a2Z0XWtOMHcdHxc/sendMessage "HTTP/1.1 200 OK"
2026-03-21 01:37:31 [INFO] httpx — HTTP Request: POST https://api.telegram.org/bot8791865245:AAFAjyaA46DA-mUxQe16a2Z0XWtOMHcdHxc/getUpdates "HTTP/1.1 200 OK"
2026-03-21 01:37:37 [INFO] bot — ──── cycle 17:37:37 UTC pos=['TRXUSDT'] ────
2026-03-21 01:37:37 [INFO] httpx — HTTP Request: GET https://mock-api.roostoo.com/v3/balance?timestamp=1774028257240 "HTTP/1.1 200 OK"
2026-03-21 01:37:37 [INFO] signals — Regime: SIDEWAYS  BTC 7d=-2.1%  20d=3.7%  MA50gap=-0.6%
2026-03-21 01:37:38 [INFO] signals — Universe (10): ['BTCUSDT', 'ETHUSDT', 'SOLUSDT', 'BNBUSDT', 'XRPUSDT', 'DOGEUSDT', 'TRXUSDT', 'SUIUSDT', 'ADAUSDT', 'LINKUSDT']
2026-03-21 01:37:38 [INFO] signals — Selected (3): ['TRXUSDT', 'XRPUSDT', 'ETHUSDT']
2026-03-21 01:37:38 [INFO] bot — Rate-limit: skip BUY XRPUSDT (last order 59s ago)
2026-03-21 01:37:38 [INFO] bot — Rate-limit: skip BUY ETHUSDT (last order 59s ago)
2026-03-21 01:37:38 [INFO] bot — capital=$40,462.56  peak=$40,488.16  positions=['TRXUSDT']  regime=SIDEWAYS
2026-03-21 01:37:41 [INFO] httpx — HTTP Request: POST https://api.telegram.org/bot8791865245:AAFAjyaA46DA-mUxQe16a2Z0XWtOMHcdHxc/getUpdates "HTTP/1.1 200 OK"
2026-03-21 01:37:45 [INFO] httpx — HTTP Request: POST https://api.telegram.org/bot8791865245:AAFAjyaA46DA-mUxQe16a2Z0XWtOMHcdHxc/getUpdates "HTTP/1.1 200 OK"
2026-03-21 01:37:53 [INFO] httpx — HTTP Request: POST https://api.telegram.org/bot8791865245:AAFAjyaA46DA-mUxQe16a2Z0XWtOMHcdHxc/getUpdates "HTTP/1.1 200 OK"
2026-03-21 01:37:54 [INFO] httpx — HTTP Request: POST https://api.telegram.org/bot8791865245:AAFAjyaA46DA-mUxQe16a2Z0XWtOMHcdHxc/sendMessage "HTTP/1.1 200 OK"
2026-03-21 01:37:59 [INFO] httpx — HTTP Request: POST https://api.telegram.org/bot8791865245:AAFAjyaA46DA-mUxQe16a2Z0XWtOMHcdHxc/getUpdates "HTTP/1.1 200 OK"
2026-03-21 01:37:59 [INFO] httpx — HTTP Request: POST https://api.telegram.org/bot8791865245:AAFAjyaA46DA-mUxQe16a2Z0XWtOMHcdHxc/sendMessage "HTTP/1.1 200 OK"
2026-03-21 01:38:09 [INFO] httpx — HTTP Request: POST https://api.telegram.org/bot8791865245:AAFAjyaA46DA-mUxQe16a2Z0XWtOMHcdHxc/getUpdates "HTTP/1.1 200 OK"
2026-03-21 01:38:19 [INFO] httpx — HTTP Request: POST https://api.telegram.org/bot8791865245:AAFAjyaA46DA-mUxQe16a2Z0XWtOMHcdHxc/getUpdates "HTTP/1.1 200 OK"
2026-03-21 01:38:29 [INFO] httpx — HTTP Request: POST https://api.telegram.org/bot8791865245:AAFAjyaA46DA-mUxQe16a2Z0XWtOMHcdHxc/getUpdates "HTTP/1.1 200 OK"
2026-03-21 01:38:37 [INFO] bot — ──── cycle 17:38:37 UTC pos=['TRXUSDT'] ────
2026-03-21 01:38:37 [INFO] httpx — HTTP Request: GET https://mock-api.roostoo.com/v3/balance?timestamp=1774028317246 "HTTP/1.1 200 OK"
2026-03-21 01:38:37 [INFO] signals — Regime: SIDEWAYS  BTC 7d=-2.0%  20d=3.8%  MA50gap=-0.4%
2026-03-21 01:38:38 [INFO] signals — Universe (10): ['BTCUSDT', 'ETHUSDT', 'SOLUSDT', 'BNBUSDT', 'XRPUSDT', 'DOGEUSDT', 'TRXUSDT', 'SUIUSDT', 'ADAUSDT', 'LINKUSDT']
2026-03-21 01:38:38 [INFO] signals — Selected (3): ['TRXUSDT', 'XRPUSDT', 'ETHUSDT']
2026-03-21 01:38:38 [INFO] bot — → BUY XRPUSDT  pair=XRP/USD  qty=4076.9  alloc=$5,840.25  price=$1.43  trigger=red_day
2026-03-21 01:38:39 [INFO] httpx — HTTP Request: POST https://mock-api.roostoo.com/v3/place_order "HTTP/1.1 200 OK"
2026-03-21 01:38:39 [INFO] bot — ✓ BUY filled XRPUSDT  price=$1.43  qty=4076.9  stop=$1.36  tp=$1.65
2026-03-21 01:38:39 [INFO] bot — capital=$40,468.84  peak=$40,488.16  positions=['TRXUSDT', 'XRPUSDT']  regime=SIDEWAYS
2026-03-21 01:38:39 [INFO] httpx — HTTP Request: POST https://api.telegram.org/bot8791865245:AAFAjyaA46DA-mUxQe16a2Z0XWtOMHcdHxc/getUpdates "HTTP/1.1 200 OK"
2026-03-21 01:38:39 [INFO] httpx — HTTP Request: POST https://api.telegram.org/bot8791865245:AAFAjyaA46DA-mUxQe16a2Z0XWtOMHcdHxc/sendMessage "HTTP/1.1 200 OK"
2026-03-21 01:38:49 [INFO] httpx — HTTP Request: POST https://api.telegram.org/bot8791865245:AAFAjyaA46DA-mUxQe16a2Z0XWtOMHcdHxc/getUpdates "HTTP/1.1 200 OK"
2026-03-21 01:38:50 [INFO] httpx — HTTP Request: POST https://api.telegram.org/bot8791865245:AAFAjyaA46DA-mUxQe16a2Z0XWtOMHcdHxc/sendMessage "HTTP/1.1 200 OK"
2026-03-21 01:38:59 [INFO] httpx — HTTP Request: POST https://api.telegram.org/bot8791865245:AAFAjyaA46DA-mUxQe16a2Z0XWtOMHcdHxc/getUpdates "HTTP/1.1 200 OK"
2026-03-21 01:39:10 [INFO] httpx — HTTP Request: POST https://api.telegram.org/bot8791865245:AAFAjyaA46DA-mUxQe16a2Z0XWtOMHcdHxc/getUpdates "HTTP/1.1 200 OK"
2026-03-21 01:39:20 [INFO] httpx — HTTP Request: POST https://api.telegram.org/bot8791865245:AAFAjyaA46DA-mUxQe16a2Z0XWtOMHcdHxc/getUpdates "HTTP/1.1 200 OK"
2026-03-21 01:39:30 [INFO] httpx — HTTP Request: POST https://api.telegram.org/bot8791865245:AAFAjyaA46DA-mUxQe16a2Z0XWtOMHcdHxc/getUpdates "HTTP/1.1 200 OK"
2026-03-21 01:39:37 [INFO] bot — ──── cycle 17:39:37 UTC pos=['TRXUSDT', 'XRPUSDT'] ────
2026-03-21 01:39:37 [INFO] httpx — HTTP Request: GET https://mock-api.roostoo.com/v3/balance?timestamp=1774028377247 "HTTP/1.1 200 OK"
2026-03-21 01:39:37 [INFO] signals — Regime: SIDEWAYS  BTC 7d=-1.8%  20d=4.0%  MA50gap=-0.3%
2026-03-21 01:39:38 [INFO] signals — Universe (10): ['BTCUSDT', 'ETHUSDT', 'SOLUSDT', 'BNBUSDT', 'XRPUSDT', 'DOGEUSDT', 'TRXUSDT', 'SUIUSDT', 'ADAUSDT', 'LINKUSDT']
2026-03-21 01:39:38 [INFO] signals — Selected (3): ['TRXUSDT', 'XRPUSDT', 'ETHUSDT']
2026-03-21 01:39:38 [INFO] bot — Rate-limit: skip BUY ETHUSDT (last order 59s ago)
2026-03-21 01:39:38 [INFO] bot — capital=$40,456.72  peak=$40,488.16  positions=['TRXUSDT', 'XRPUSDT']  regime=SIDEWAYS
2026-03-21 01:39:40 [INFO] httpx — HTTP Request: POST https://api.telegram.org/bot8791865245:AAFAjyaA46DA-mUxQe16a2Z0XWtOMHcdHxc/getUpdates "HTTP/1.1 200 OK"
2026-03-21 01:39:49 [INFO] httpx — HTTP Request: POST https://api.telegram.org/bot8791865245:AAFAjyaA46DA-mUxQe16a2Z0XWtOMHcdHxc/getUpdates "HTTP/1.1 200 OK"
2026-03-21 01:39:50 [INFO] httpx — HTTP Request: POST https://api.telegram.org/bot8791865245:AAFAjyaA46DA-mUxQe16a2Z0XWtOMHcdHxc/sendMessage "HTTP/1.1 200 OK"
2026-03-21 01:39:59 [INFO] httpx — HTTP Request: POST https://api.telegram.org/bot8791865245:AAFAjyaA46DA-mUxQe16a2Z0XWtOMHcdHxc/getUpdates "HTTP/1.1 200 OK"
2026-03-21 01:40:09 [INFO] httpx — HTTP Request: POST https://api.telegram.org/bot8791865245:AAFAjyaA46DA-mUxQe16a2Z0XWtOMHcdHxc/getUpdates "HTTP/1.1 200 OK"
2026-03-21 01:40:19 [INFO] httpx — HTTP Request: POST https://api.telegram.org/bot8791865245:AAFAjyaA46DA-mUxQe16a2Z0XWtOMHcdHxc/getUpdates "HTTP/1.1 200 OK"
2026-03-21 01:40:29 [INFO] httpx — HTTP Request: POST https://api.telegram.org/bot8791865245:AAFAjyaA46DA-mUxQe16a2Z0XWtOMHcdHxc/getUpdates "HTTP/1.1 200 OK"
2026-03-21 01:40:37 [INFO] bot — ──── cycle 17:40:37 UTC pos=['TRXUSDT', 'XRPUSDT'] ────
2026-03-21 01:40:37 [INFO] httpx — HTTP Request: GET https://mock-api.roostoo.com/v3/balance?timestamp=1774028437251 "HTTP/1.1 200 OK"
2026-03-21 01:40:37 [INFO] signals — Regime: SIDEWAYS  BTC 7d=-1.8%  20d=4.0%  MA50gap=-0.3%
2026-03-21 01:40:38 [INFO] signals — Universe (10): ['BTCUSDT', 'ETHUSDT', 'SOLUSDT', 'BNBUSDT', 'XRPUSDT', 'DOGEUSDT', 'TRXUSDT', 'SUIUSDT', 'ADAUSDT', 'LINKUSDT']
2026-03-21 01:40:38 [INFO] signals — Selected (3): ['TRXUSDT', 'XRPUSDT', 'ETHUSDT']
2026-03-21 01:40:38 [INFO] bot — → BUY ETHUSDT  pair=ETH/USD  qty=1.6402  alloc=$3,493.05  price=$2,129.62  trigger=red_day
2026-03-21 01:40:39 [INFO] httpx — HTTP Request: POST https://mock-api.roostoo.com/v3/place_order "HTTP/1.1 200 OK"
2026-03-21 01:40:39 [INFO] bot — ✓ BUY filled ETHUSDT  price=$2,129.63  qty=1.6402  stop=$2,023.15  tp=$2,449.07
2026-03-21 01:40:39 [INFO] bot — capital=$40,466.66  peak=$40,488.16  positions=['TRXUSDT', 'XRPUSDT', 'ETHUSDT']  regime=SIDEWAYS
2026-03-21 01:40:40 [INFO] httpx — HTTP Request: POST https://api.telegram.org/bot8791865245:AAFAjyaA46DA-mUxQe16a2Z0XWtOMHcdHxc/getUpdates "HTTP/1.1 200 OK"
2026-03-21 01:40:40 [INFO] httpx — HTTP Request: POST https://api.telegram.org/bot8791865245:AAFAjyaA46DA-mUxQe16a2Z0XWtOMHcdHxc/sendMessage "HTTP/1.1 200 OK"
2026-03-21 01:40:50 [INFO] httpx — HTTP Request: POST https://api.telegram.org/bot8791865245:AAFAjyaA46DA-mUxQe16a2Z0XWtOMHcdHxc/getUpdates "HTTP/1.1 200 OK"
2026-03-21 01:41:00 [INFO] httpx — HTTP Request: POST https://api.telegram.org/bot8791865245:AAFAjyaA46DA-mUxQe16a2Z0XWtOMHcdHxc/getUpdates "HTTP/1.1 200 OK"
2026-03-21 01:41:10 [INFO] httpx — HTTP Request: POST https://api.telegram.org/bot8791865245:AAFAjyaA46DA-mUxQe16a2Z0XWtOMHcdHxc/getUpdates "HTTP/1.1 200 OK"
2026-03-21 01:41:20 [INFO] httpx — HTTP Request: POST https://api.telegram.org/bot8791865245:AAFAjyaA46DA-mUxQe16a2Z0XWtOMHcdHxc/getUpdates "HTTP/1.1 200 OK"
2026-03-21 01:41:30 [INFO] httpx — HTTP Request: POST https://api.telegram.org/bot8791865245:AAFAjyaA46DA-mUxQe16a2Z0XWtOMHcdHxc/getUpdates "HTTP/1.1 200 OK"
2026-03-21 01:41:37 [INFO] bot — ──── cycle 17:41:37 UTC pos=['TRXUSDT', 'XRPUSDT', 'ETHUSDT'] ────
2026-03-21 01:41:37 [INFO] httpx — HTTP Request: GET https://mock-api.roostoo.com/v3/balance?timestamp=1774028497262 "HTTP/1.1 200 OK"
2026-03-21 01:41:37 [INFO] signals — Regime: SIDEWAYS  BTC 7d=-1.9%  20d=3.9%  MA50gap=-0.4%
2026-03-21 01:41:38 [INFO] signals — Universe (10): ['BTCUSDT', 'ETHUSDT', 'SOLUSDT', 'BNBUSDT', 'XRPUSDT', 'DOGEUSDT', 'TRXUSDT', 'SUIUSDT', 'ADAUSDT', 'LINKUSDT']
2026-03-21 01:41:38 [INFO] signals — Selected (3): ['TRXUSDT', 'XRPUSDT', 'ETHUSDT']
2026-03-21 01:41:38 [INFO] bot — capital=$40,471.07  peak=$40,488.16  positions=['TRXUSDT', 'XRPUSDT', 'ETHUSDT']  regime=SIDEWAYS
2026-03-21 01:41:41 [INFO] httpx — HTTP Request: POST https://api.telegram.org/bot8791865245:AAFAjyaA46DA-mUxQe16a2Z0XWtOMHcdHxc/getUpdates "HTTP/1.1 200 OK"
2026-03-21 01:41:51 [INFO] httpx — HTTP Request: POST https://api.telegram.org/bot8791865245:AAFAjyaA46DA-mUxQe16a2Z0XWtOMHcdHxc/getUpdates "HTTP/1.1 200 OK"
2026-03-21 01:42:01 [INFO] httpx — HTTP Request: POST https://api.telegram.org/bot8791865245:AAFAjyaA46DA-mUxQe16a2Z0XWtOMHcdHxc/getUpdates "HTTP/1.1 200 OK"
2026-03-21 01:42:11 [INFO] httpx — HTTP Request: POST https://api.telegram.org/bot8791865245:AAFAjyaA46DA-mUxQe16a2Z0XWtOMHcdHxc/getUpdates "HTTP/1.1 200 OK"
2026-03-21 01:42:21 [INFO] httpx — HTTP Request: POST https://api.telegram.org/bot8791865245:AAFAjyaA46DA-mUxQe16a2Z0XWtOMHcdHxc/getUpdates "HTTP/1.1 200 OK"
2026-03-21 01:42:24 [INFO] httpx — HTTP Request: POST https://api.telegram.org/bot8791865245:AAFAjyaA46DA-mUxQe16a2Z0XWtOMHcdHxc/getUpdates "HTTP/1.1 200 OK"
2026-03-21 01:42:25 [INFO] httpx — HTTP Request: POST https://api.telegram.org/bot8791865245:AAFAjyaA46DA-mUxQe16a2Z0XWtOMHcdHxc/sendMessage "HTTP/1.1 200 OK"
2026-03-21 01:42:31 [INFO] httpx — HTTP Request: POST https://api.telegram.org/bot8791865245:AAFAjyaA46DA-mUxQe16a2Z0XWtOMHcdHxc/getUpdates "HTTP/1.1 200 OK"
2026-03-21 01:42:32 [INFO] httpx — HTTP Request: POST https://api.telegram.org/bot8791865245:AAFAjyaA46DA-mUxQe16a2Z0XWtOMHcdHxc/sendMessage "HTTP/1.1 200 OK"
2026-03-21 01:42:37 [INFO] bot — ──── cycle 17:42:37 UTC pos=['TRXUSDT', 'XRPUSDT', 'ETHUSDT'] ────
2026-03-21 01:42:37 [INFO] httpx — HTTP Request: GET https://mock-api.roostoo.com/v3/balance?timestamp=1774028557274 "HTTP/1.1 200 OK"
2026-03-21 01:42:37 [INFO] signals — Regime: SIDEWAYS  BTC 7d=-1.9%  20d=3.9%  MA50gap=-0.4%
2026-03-21 01:42:38 [INFO] signals — Universe (10): ['BTCUSDT', 'ETHUSDT', 'SOLUSDT', 'BNBUSDT', 'XRPUSDT', 'DOGEUSDT', 'TRXUSDT', 'SUIUSDT', 'ADAUSDT', 'LINKUSDT']
2026-03-21 01:42:38 [INFO] signals — Selected (3): ['TRXUSDT', 'XRPUSDT', 'ETHUSDT']
2026-03-21 01:42:38 [INFO] bot — capital=$40,466.14  peak=$40,488.16  positions=['TRXUSDT', 'XRPUSDT', 'ETHUSDT']  regime=SIDEWAYS
2026-03-21 01:42:42 [INFO] httpx — HTTP Request: POST https://api.telegram.org/bot8791865245:AAFAjyaA46DA-mUxQe16a2Z0XWtOMHcdHxc/getUpdates "HTTP/1.1 200 OK"
2026-03-21 01:42:52 [INFO] httpx — HTTP Request: POST https://api.telegram.org/bot8791865245:AAFAjyaA46DA-mUxQe16a2Z0XWtOMHcdHxc/getUpdates "HTTP/1.1 200 OK"
2026-03-21 01:43:02 [INFO] httpx — HTTP Request: POST https://api.telegram.org/bot8791865245:AAFAjyaA46DA-mUxQe16a2Z0XWtOMHcdHxc/getUpdates "HTTP/1.1 200 OK"
2026-03-21 01:43:12 [INFO] httpx — HTTP Request: POST https://api.telegram.org/bot8791865245:AAFAjyaA46DA-mUxQe16a2Z0XWtOMHcdHxc/getUpdates "HTTP/1.1 200 OK"
2026-03-21 01:43:22 [INFO] httpx — HTTP Request: POST https://api.telegram.org/bot8791865245:AAFAjyaA46DA-mUxQe16a2Z0XWtOMHcdHxc/getUpdates "HTTP/1.1 200 OK"
2026-03-21 01:43:25 [INFO] httpx — HTTP Request: POST https://api.telegram.org/bot8791865245:AAFAjyaA46DA-mUxQe16a2Z0XWtOMHcdHxc/getUpdates "HTTP/1.1 200 OK"
2026-03-21 01:43:26 [INFO] httpx — HTTP Request: POST https://api.telegram.org/bot8791865245:AAFAjyaA46DA-mUxQe16a2Z0XWtOMHcdHxc/sendMessage "HTTP/1.1 200 OK"
2026-03-21 01:43:33 [INFO] httpx — HTTP Request: POST https://api.telegram.org/bot8791865245:AAFAjyaA46DA-mUxQe16a2Z0XWtOMHcdHxc/getUpdates "HTTP/1.1 200 OK"
2026-03-21 01:43:34 [INFO] httpx — HTTP Request: POST https://api.telegram.org/bot8791865245:AAFAjyaA46DA-mUxQe16a2Z0XWtOMHcdHxc/sendMessage "HTTP/1.1 200 OK"
2026-03-21 01:43:37 [INFO] bot — ──── cycle 17:43:37 UTC pos=['TRXUSDT', 'XRPUSDT', 'ETHUSDT'] ────
2026-03-21 01:43:37 [INFO] httpx — HTTP Request: GET https://mock-api.roostoo.com/v3/balance?timestamp=1774028617282 "HTTP/1.1 200 OK"
2026-03-21 01:43:37 [INFO] signals — Regime: SIDEWAYS  BTC 7d=-1.9%  20d=3.9%  MA50gap=-0.4%
2026-03-21 01:43:38 [INFO] signals — Universe (10): ['BTCUSDT', 'ETHUSDT', 'SOLUSDT', 'BNBUSDT', 'XRPUSDT', 'DOGEUSDT', 'TRXUSDT', 'SUIUSDT', 'ADAUSDT', 'LINKUSDT']
2026-03-21 01:43:38 [INFO] signals — Selected (3): ['TRXUSDT', 'XRPUSDT', 'ETHUSDT']
2026-03-21 01:43:38 [INFO] bot — capital=$40,460.16  peak=$40,488.16  positions=['TRXUSDT', 'XRPUSDT', 'ETHUSDT']  regime=SIDEWAYS
2026-03-21 01:43:43 [INFO] httpx — HTTP Request: POST https://api.telegram.org/bot8791865245:AAFAjyaA46DA-mUxQe16a2Z0XWtOMHcdHxc/getUpdates "HTTP/1.1 200 OK"
2026-03-21 01:43:53 [INFO] httpx — HTTP Request: POST https://api.telegram.org/bot8791865245:AAFAjyaA46DA-mUxQe16a2Z0XWtOMHcdHxc/getUpdates "HTTP/1.1 200 OK"
2026-03-21 01:44:03 [INFO] httpx — HTTP Request: POST https://api.telegram.org/bot8791865245:AAFAjyaA46DA-mUxQe16a2Z0XWtOMHcdHxc/getUpdates "HTTP/1.1 200 OK"
2026-03-21 01:44:13 [INFO] httpx — HTTP Request: POST https://api.telegram.org/bot8791865245:AAFAjyaA46DA-mUxQe16a2Z0XWtOMHcdHxc/getUpdates "HTTP/1.1 200 OK"
2026-03-21 01:44:24 [INFO] httpx — HTTP Request: POST https://api.telegram.org/bot8791865245:AAFAjyaA46DA-mUxQe16a2Z0XWtOMHcdHxc/getUpdates "HTTP/1.1 200 OK"
2026-03-21 01:44:31 [INFO] httpx — HTTP Request: POST https://api.telegram.org/bot8791865245:AAFAjyaA46DA-mUxQe16a2Z0XWtOMHcdHxc/getUpdates "HTTP/1.1 200 OK"
2026-03-21 01:44:37 [INFO] bot — ──── cycle 17:44:37 UTC pos=['TRXUSDT', 'XRPUSDT', 'ETHUSDT'] ────
2026-03-21 01:44:37 [INFO] httpx — HTTP Request: GET https://mock-api.roostoo.com/v3/balance?timestamp=1774028677298 "HTTP/1.1 200 OK"
2026-03-21 01:44:37 [INFO] signals — Regime: SIDEWAYS  BTC 7d=-1.9%  20d=3.9%  MA50gap=-0.4%
2026-03-21 01:44:38 [INFO] signals — Universe (10): ['BTCUSDT', 'ETHUSDT', 'SOLUSDT', 'BNBUSDT', 'XRPUSDT', 'DOGEUSDT', 'TRXUSDT', 'SUIUSDT', 'ADAUSDT', 'LINKUSDT']
2026-03-21 01:44:38 [INFO] signals — Selected (3): ['TRXUSDT', 'XRPUSDT', 'ETHUSDT']
2026-03-21 01:44:38 [INFO] bot — capital=$40,454.71  peak=$40,488.16  positions=['TRXUSDT', 'XRPUSDT', 'ETHUSDT']  regime=SIDEWAYS
2026-03-21 01:44:39 [INFO] httpx — HTTP Request: POST https://api.telegram.org/bot8791865245:AAFAjyaA46DA-mUxQe16a2Z0XWtOMHcdHxc/getUpdates "HTTP/1.1 200 OK"
2026-03-21 01:44:40 [INFO] httpx — HTTP Request: POST https://api.telegram.org/bot8791865245:AAFAjyaA46DA-mUxQe16a2Z0XWtOMHcdHxc/sendMessage "HTTP/1.1 200 OK"
2026-03-21 01:44:49 [INFO] httpx — HTTP Request: POST https://api.telegram.org/bot8791865245:AAFAjyaA46DA-mUxQe16a2Z0XWtOMHcdHxc/getUpdates "HTTP/1.1 200 OK"
2026-03-21 01:44:59 [INFO] httpx — HTTP Request: POST https://api.telegram.org/bot8791865245:AAFAjyaA46DA-mUxQe16a2Z0XWtOMHcdHxc/getUpdates "HTTP/1.1 200 OK"
2026-03-21 01:45:09 [INFO] httpx — HTTP Request: POST https://api.telegram.org/bot8791865245:AAFAjyaA46DA-mUxQe16a2Z0XWtOMHcdHxc/getUpdates "HTTP/1.1 200 OK"
2026-03-21 01:45:20 [INFO] httpx — HTTP Request: POST https://api.telegram.org/bot8791865245:AAFAjyaA46DA-mUxQe16a2Z0XWtOMHcdHxc/getUpdates "HTTP/1.1 200 OK"
2026-03-21 01:45:30 [INFO] httpx — HTTP Request: POST https://api.telegram.org/bot8791865245:AAFAjyaA46DA-mUxQe16a2Z0XWtOMHcdHxc/getUpdates "HTTP/1.1 200 OK"
2026-03-21 01:45:37 [INFO] bot — ──── cycle 17:45:37 UTC pos=['TRXUSDT', 'XRPUSDT', 'ETHUSDT'] ────
2026-03-21 01:45:37 [INFO] httpx — HTTP Request: GET https://mock-api.roostoo.com/v3/balance?timestamp=1774028737308 "HTTP/1.1 200 OK"
2026-03-21 01:45:37 [INFO] signals — Regime: SIDEWAYS  BTC 7d=-1.9%  20d=3.9%  MA50gap=-0.3%
2026-03-21 01:45:38 [INFO] signals — Universe (10): ['BTCUSDT', 'ETHUSDT', 'SOLUSDT', 'BNBUSDT', 'XRPUSDT', 'DOGEUSDT', 'TRXUSDT', 'SUIUSDT', 'ADAUSDT', 'LINKUSDT']
2026-03-21 01:45:38 [INFO] signals — Selected (3): ['TRXUSDT', 'XRPUSDT', 'ETHUSDT']
2026-03-21 01:45:38 [INFO] bot — capital=$40,447.35  peak=$40,488.16  positions=['TRXUSDT', 'XRPUSDT', 'ETHUSDT']  regime=SIDEWAYS
2026-03-21 01:45:40 [INFO] httpx — HTTP Request: POST https://api.telegram.org/bot8791865245:AAFAjyaA46DA-mUxQe16a2Z0XWtOMHcdHxc/getUpdates "HTTP/1.1 200 OK"
2026-03-21 01:45:50 [INFO] httpx — HTTP Request: POST https://api.telegram.org/bot8791865245:AAFAjyaA46DA-mUxQe16a2Z0XWtOMHcdHxc/getUpdates "HTTP/1.1 200 OK"
2026-03-21 01:46:00 [INFO] httpx — HTTP Request: POST https://api.telegram.org/bot8791865245:AAFAjyaA46DA-mUxQe16a2Z0XWtOMHcdHxc/getUpdates "HTTP/1.1 200 OK"
2026-03-21 01:46:10 [INFO] httpx — HTTP Request: POST https://api.telegram.org/bot8791865245:AAFAjyaA46DA-mUxQe16a2Z0XWtOMHcdHxc/getUpdates "HTTP/1.1 200 OK"
2026-03-21 01:46:21 [INFO] httpx — HTTP Request: POST https://api.telegram.org/bot8791865245:AAFAjyaA46DA-mUxQe16a2Z0XWtOMHcdHxc/getUpdates "HTTP/1.1 200 OK"
2026-03-21 01:46:31 [INFO] httpx — HTTP Request: POST https://api.telegram.org/bot8791865245:AAFAjyaA46DA-mUxQe16a2Z0XWtOMHcdHxc/getUpdates "HTTP/1.1 200 OK"
2026-03-21 01:46:37 [INFO] bot — ──── cycle 17:46:37 UTC pos=['TRXUSDT', 'XRPUSDT', 'ETHUSDT'] ────
2026-03-21 01:46:37 [INFO] httpx — HTTP Request: GET https://mock-api.roostoo.com/v3/balance?timestamp=1774028797318 "HTTP/1.1 200 OK"
2026-03-21 01:46:37 [INFO] signals — Regime: SIDEWAYS  BTC 7d=-1.9%  20d=3.9%  MA50gap=-0.4%
2026-03-21 01:46:38 [INFO] signals — Universe (10): ['BTCUSDT', 'ETHUSDT', 'SOLUSDT', 'BNBUSDT', 'XRPUSDT', 'DOGEUSDT', 'TRXUSDT', 'SUIUSDT', 'ADAUSDT', 'LINKUSDT']
2026-03-21 01:46:38 [INFO] signals — Selected (3): ['TRXUSDT', 'XRPUSDT', 'ETHUSDT']
2026-03-21 01:46:38 [INFO] bot — capital=$40,458.65  peak=$40,488.16  positions=['TRXUSDT', 'XRPUSDT', 'ETHUSDT']  regime=SIDEWAYS
2026-03-21 01:46:41 [INFO] httpx — HTTP Request: POST https://api.telegram.org/bot8791865245:AAFAjyaA46DA-mUxQe16a2Z0XWtOMHcdHxc/getUpdates "HTTP/1.1 200 OK"
2026-03-21 01:46:51 [INFO] httpx — HTTP Request: POST https://api.telegram.org/bot8791865245:AAFAjyaA46DA-mUxQe16a2Z0XWtOMHcdHxc/getUpdates "HTTP/1.1 200 OK"
2026-03-21 01:47:01 [INFO] httpx — HTTP Request: POST https://api.telegram.org/bot8791865245:AAFAjyaA46DA-mUxQe16a2Z0XWtOMHcdHxc/getUpdates "HTTP/1.1 200 OK"
2026-03-21 01:47:11 [INFO] httpx — HTTP Request: POST https://api.telegram.org/bot8791865245:AAFAjyaA46DA-mUxQe16a2Z0XWtOMHcdHxc/getUpdates "HTTP/1.1 200 OK"
2026-03-21 01:47:22 [INFO] httpx — HTTP Request: POST https://api.telegram.org/bot8791865245:AAFAjyaA46DA-mUxQe16a2Z0XWtOMHcdHxc/getUpdates "HTTP/1.1 200 OK"
2026-03-21 01:47:32 [INFO] httpx — HTTP Request: POST https://api.telegram.org/bot8791865245:AAFAjyaA46DA-mUxQe16a2Z0XWtOMHcdHxc/getUpdates "HTTP/1.1 200 OK"
2026-03-21 01:47:37 [INFO] bot — ──── cycle 17:47:37 UTC pos=['TRXUSDT', 'XRPUSDT', 'ETHUSDT'] ────
2026-03-21 01:47:37 [INFO] httpx — HTTP Request: GET https://mock-api.roostoo.com/v3/balance?timestamp=1774028857332 "HTTP/1.1 200 OK"
2026-03-21 01:47:37 [INFO] signals — Regime: SIDEWAYS  BTC 7d=-1.9%  20d=3.9%  MA50gap=-0.3%
2026-03-21 01:47:38 [INFO] signals — Universe (10): ['BTCUSDT', 'ETHUSDT', 'SOLUSDT', 'BNBUSDT', 'XRPUSDT', 'DOGEUSDT', 'TRXUSDT', 'SUIUSDT', 'ADAUSDT', 'LINKUSDT']
2026-03-21 01:47:38 [INFO] signals — Selected (3): ['TRXUSDT', 'XRPUSDT', 'ETHUSDT']
2026-03-21 01:47:38 [INFO] bot — capital=$40,447.78  peak=$40,488.16  positions=['TRXUSDT', 'XRPUSDT', 'ETHUSDT']  regime=SIDEWAYS
2026-03-21 01:47:42 [INFO] httpx — HTTP Request: POST https://api.telegram.org/bot8791865245:AAFAjyaA46DA-mUxQe16a2Z0XWtOMHcdHxc/getUpdates "HTTP/1.1 200 OK"
2026-03-21 01:47:52 [INFO] httpx — HTTP Request: POST https://api.telegram.org/bot8791865245:AAFAjyaA46DA-mUxQe16a2Z0XWtOMHcdHxc/getUpdates "HTTP/1.1 200 OK"
2026-03-21 01:47:54 [INFO] httpx — HTTP Request: POST https://api.telegram.org/bot8791865245:AAFAjyaA46DA-mUxQe16a2Z0XWtOMHcdHxc/getUpdates "HTTP/1.1 200 OK"
2026-03-21 01:47:55 [INFO] httpx — HTTP Request: POST https://api.telegram.org/bot8791865245:AAFAjyaA46DA-mUxQe16a2Z0XWtOMHcdHxc/sendMessage "HTTP/1.1 200 OK"
2026-03-21 01:48:05 [INFO] httpx — HTTP Request: POST https://api.telegram.org/bot8791865245:AAFAjyaA46DA-mUxQe16a2Z0XWtOMHcdHxc/getUpdates "HTTP/1.1 200 OK"
2026-03-21 01:48:15 [INFO] httpx — HTTP Request: POST https://api.telegram.org/bot8791865245:AAFAjyaA46DA-mUxQe16a2Z0XWtOMHcdHxc/getUpdates "HTTP/1.1 200 OK"
2026-03-21 01:48:25 [INFO] httpx — HTTP Request: POST https://api.telegram.org/bot8791865245:AAFAjyaA46DA-mUxQe16a2Z0XWtOMHcdHxc/getUpdates "HTTP/1.1 200 OK"
2026-03-21 01:48:28 [INFO] bot — Interrupted by user — goodbye
2026-03-21 01:48:44 [INFO] telegram — Telegram ready  channel=-1003626985311  topic=112
2026-03-21 01:48:44 [INFO] bot — TradingBot init  initial_capital=$38,785
2026-03-21 01:48:45 [INFO] httpx — HTTP Request: POST https://api.telegram.org/bot8791865245:AAFAjyaA46DA-mUxQe16a2Z0XWtOMHcdHxc/getMe "HTTP/1.1 200 OK"
2026-03-21 01:48:45 [INFO] telegram.ext.Application — Application started
2026-03-21 01:48:45 [INFO] httpx — HTTP Request: POST https://api.telegram.org/bot8791865245:AAFAjyaA46DA-mUxQe16a2Z0XWtOMHcdHxc/deleteWebhook "HTTP/1.1 200 OK"
2026-03-21 01:48:45 [INFO] telegram — Telegram polling started
2026-03-21 01:48:45 [INFO] bot — Trading loop started — press Ctrl+C to stop
2026-03-21 01:48:45 [INFO] httpx — HTTP Request: GET https://mock-api.roostoo.com/v3/exchangeInfo "HTTP/1.1 200 OK"
2026-03-21 01:48:45 [INFO] bot — Loaded amount_precision for 67 pairs: 1000CHEEMS/USD=0  AAVE/USD=3  ADA/USD=1  APT/USD=2  ARB/USD=1  ASTER/USD=2  AVAX/USD=2  AVNT/USD=1  BIO/USD=1  BMT/USD=1  BNB/USD=3  BONK/USD=0  BTC/USD=5  CAKE/USD=2  CFX/USD=0  CRV/USD=1  DOGE/USD=0  DOT/USD=2  EDEN/USD=1  EIGEN/USD=2  ENA/USD=2  ETH/USD=4  FET/USD=1  FIL/USD=2  FLOKI/USD=0  FORM/USD=1  HBAR/USD=0  HEMI/USD=1  ICP/USD=2  LINEA/USD=0  LINK/USD=2  LISTA/USD=1  LTC/USD=3  MIRA/USD=1  NEAR/USD=1  OMNI/USD=2  ONDO/USD=1  OPEN/USD=1  PAXG/USD=4  PENDLE/USD=1  PENGU/USD=0  PEPE/USD=0  PLUME/USD=0  POL/USD=1  PUMP/USD=0  S/USD=1  SEI/USD=1  SHIB/USD=0  SOL/USD=3  SOMI/USD=1  STO/USD=1  SUI/USD=1  TAO/USD=4  TON/USD=2  TRUMP/USD=3  TRX/USD=1  TUT/USD=0  UNI/USD=2  VIRTUAL/USD=1  WIF/USD=2  WLD/USD=1  WLFI/USD=1  XLM/USD=0  XPL/USD=1  XRP/USD=1  ZEC/USD=3  ZEN/USD=2
2026-03-21 01:48:45 [INFO] bot — Startup: checking for orphan positions…
2026-03-21 01:48:45 [INFO] httpx — HTTP Request: GET https://mock-api.roostoo.com/v3/balance?timestamp=1774028925498 "HTTP/1.1 200 OK"
2026-03-21 01:48:45 [WARNING] bot — Startup: found 5 orphan holding(s): ['AVAX', 'DOGE', 'ETH', 'TRX', 'XRP'] — liquidating…
2026-03-21 01:48:45 [INFO] httpx — HTTP Request: POST https://api.telegram.org/bot8791865245:AAFAjyaA46DA-mUxQe16a2Z0XWtOMHcdHxc/sendMessage "HTTP/1.1 200 OK"
2026-03-21 01:48:46 [INFO] bot — Orphan cleanup: skipping AVAX (qty=0.010000  value≈$0.09 — dust)
2026-03-21 01:48:46 [INFO] bot — Orphan cleanup: skipping DOGE (qty=1.000000  value≈$0.09 — dust)
2026-03-21 01:48:46 [INFO] bot — Orphan cleanup: SELL ETH  pair=ETH/USD  qty=1.640600  ≈$3487.69
2026-03-21 01:48:46 [INFO] httpx — HTTP Request: POST https://mock-api.roostoo.com/v3/place_order "HTTP/1.1 200 OK"
2026-03-21 01:48:46 [INFO] bot — Orphan cleanup: sold ETH  filled_price=$2,125.86  proceeds=$3,487.69
2026-03-21 01:48:46 [INFO] bot — Orphan cleanup: rate-limit wait 61s before selling TRX
2026-03-21 01:48:47 [INFO] httpx — HTTP Request: POST https://api.telegram.org/bot8791865245:AAFAjyaA46DA-mUxQe16a2Z0XWtOMHcdHxc/sendMessage "HTTP/1.1 200 OK"
2026-03-21 01:48:55 [INFO] httpx — HTTP Request: POST https://api.telegram.org/bot8791865245:AAFAjyaA46DA-mUxQe16a2Z0XWtOMHcdHxc/getUpdates "HTTP/1.1 200 OK"
2026-03-21 01:49:06 [INFO] httpx — HTTP Request: POST https://api.telegram.org/bot8791865245:AAFAjyaA46DA-mUxQe16a2Z0XWtOMHcdHxc/getUpdates "HTTP/1.1 200 OK"
2026-03-21 01:49:16 [INFO] httpx — HTTP Request: POST https://api.telegram.org/bot8791865245:AAFAjyaA46DA-mUxQe16a2Z0XWtOMHcdHxc/getUpdates "HTTP/1.1 200 OK"
2026-03-21 01:49:26 [INFO] httpx — HTTP Request: POST https://api.telegram.org/bot8791865245:AAFAjyaA46DA-mUxQe16a2Z0XWtOMHcdHxc/getUpdates "HTTP/1.1 200 OK"
2026-03-21 01:49:36 [INFO] httpx — HTTP Request: POST https://api.telegram.org/bot8791865245:AAFAjyaA46DA-mUxQe16a2Z0XWtOMHcdHxc/getUpdates "HTTP/1.1 200 OK"
2026-03-21 01:49:46 [INFO] httpx — HTTP Request: POST https://api.telegram.org/bot8791865245:AAFAjyaA46DA-mUxQe16a2Z0XWtOMHcdHxc/getUpdates "HTTP/1.1 200 OK"
2026-03-21 01:49:47 [INFO] bot — Orphan cleanup: SELL TRX  pair=TRX/USD  qty=62781.600000  ≈$19330.45
2026-03-21 01:49:48 [INFO] httpx — HTTP Request: POST https://mock-api.roostoo.com/v3/place_order "HTTP/1.1 200 OK"
2026-03-21 01:49:48 [INFO] bot — Orphan cleanup: sold TRX  filled_price=$0.31  proceeds=$19,317.90
2026-03-21 01:49:48 [INFO] bot — Orphan cleanup: rate-limit wait 61s before selling XRP
2026-03-21 01:49:49 [INFO] httpx — HTTP Request: POST https://api.telegram.org/bot8791865245:AAFAjyaA46DA-mUxQe16a2Z0XWtOMHcdHxc/sendMessage "HTTP/1.1 200 OK"
2026-03-21 01:49:57 [INFO] httpx — HTTP Request: POST https://api.telegram.org/bot8791865245:AAFAjyaA46DA-mUxQe16a2Z0XWtOMHcdHxc/getUpdates "HTTP/1.1 200 OK"
2026-03-21 01:50:07 [INFO] httpx — HTTP Request: POST https://api.telegram.org/bot8791865245:AAFAjyaA46DA-mUxQe16a2Z0XWtOMHcdHxc/getUpdates "HTTP/1.1 200 OK"
2026-03-21 01:50:17 [INFO] httpx — HTTP Request: POST https://api.telegram.org/bot8791865245:AAFAjyaA46DA-mUxQe16a2Z0XWtOMHcdHxc/getUpdates "HTTP/1.1 200 OK"
2026-03-21 01:50:27 [INFO] httpx — HTTP Request: POST https://api.telegram.org/bot8791865245:AAFAjyaA46DA-mUxQe16a2Z0XWtOMHcdHxc/getUpdates "HTTP/1.1 200 OK"
2026-03-21 01:50:36 [INFO] httpx — HTTP Request: POST https://api.telegram.org/bot8791865245:AAFAjyaA46DA-mUxQe16a2Z0XWtOMHcdHxc/getUpdates "HTTP/1.1 200 OK"
2026-03-21 01:50:46 [INFO] httpx — HTTP Request: POST https://api.telegram.org/bot8791865245:AAFAjyaA46DA-mUxQe16a2Z0XWtOMHcdHxc/getUpdates "HTTP/1.1 200 OK"
2026-03-21 01:50:49 [INFO] bot — Orphan cleanup: SELL XRP  pair=XRP/USD  qty=4077.200000  ≈$5837.33
2026-03-21 01:50:50 [INFO] httpx — HTTP Request: POST https://mock-api.roostoo.com/v3/place_order "HTTP/1.1 200 OK"
2026-03-21 01:50:50 [INFO] bot — Orphan cleanup: sold XRP  filled_price=$1.43  proceeds=$5,841.00
2026-03-21 01:50:50 [INFO] bot — Orphan cleanup complete: sold=3  skipped(dust)=2
2026-03-21 01:50:51 [INFO] httpx — HTTP Request: POST https://api.telegram.org/bot8791865245:AAFAjyaA46DA-mUxQe16a2Z0XWtOMHcdHxc/sendMessage "HTTP/1.1 200 OK"
2026-03-21 01:50:51 [INFO] httpx — HTTP Request: POST https://api.telegram.org/bot8791865245:AAFAjyaA46DA-mUxQe16a2Z0XWtOMHcdHxc/sendMessage "HTTP/1.1 200 OK"
2026-03-21 01:50:51 [INFO] bot — ──── cycle 17:50:51 UTC week=12  pos=[] ────
2026-03-21 01:50:51 [INFO] httpx — HTTP Request: GET https://mock-api.roostoo.com/v3/balance?timestamp=1774029051495 "HTTP/1.1 200 OK"
2026-03-21 01:50:51 [INFO] signals — Regime: SIDEWAYS  BTC 7d=-1.8%  20d=4.0%  MA50gap=-0.3%
2026-03-21 01:50:52 [INFO] signals — Universe (10): ['BTCUSDT', 'ETHUSDT', 'SOLUSDT', 'BNBUSDT', 'XRPUSDT', 'DOGEUSDT', 'TRXUSDT', 'SUIUSDT', 'ADAUSDT', 'LINKUSDT']
2026-03-21 01:50:52 [INFO] signals — Selected (3): ['TRXUSDT', 'XRPUSDT', 'ETHUSDT']
2026-03-21 01:50:53 [INFO] bot — 📅 New weekly plan (week 12): regime=SIDEWAYS  selected=['TRXUSDT', 'XRPUSDT', 'ETHUSDT']
2026-03-21 01:50:53 [INFO] bot — Rate-limit: skip BUY TRXUSDT (last order 3s ago)
2026-03-21 01:50:53 [INFO] bot — Rate-limit: skip BUY XRPUSDT (last order 3s ago)
2026-03-21 01:50:53 [INFO] bot — Rate-limit: skip BUY ETHUSDT (last order 3s ago)
2026-03-21 01:50:53 [INFO] bot — capital=$40,413.77  peak=$40,413.77  positions=[]  regime=SIDEWAYS
2026-03-21 01:50:53 [INFO] httpx — HTTP Request: POST https://api.telegram.org/bot8791865245:AAFAjyaA46DA-mUxQe16a2Z0XWtOMHcdHxc/sendMessage "HTTP/1.1 200 OK"
2026-03-21 01:50:56 [INFO] httpx — HTTP Request: POST https://api.telegram.org/bot8791865245:AAFAjyaA46DA-mUxQe16a2Z0XWtOMHcdHxc/getUpdates "HTTP/1.1 200 OK"
2026-03-21 01:51:05 [INFO] httpx — HTTP Request: POST https://api.telegram.org/bot8791865245:AAFAjyaA46DA-mUxQe16a2Z0XWtOMHcdHxc/getUpdates "HTTP/1.1 200 OK"
2026-03-21 01:51:15 [INFO] httpx — HTTP Request: POST https://api.telegram.org/bot8791865245:AAFAjyaA46DA-mUxQe16a2Z0XWtOMHcdHxc/getUpdates "HTTP/1.1 200 OK"
2026-03-21 01:51:25 [INFO] httpx — HTTP Request: POST https://api.telegram.org/bot8791865245:AAFAjyaA46DA-mUxQe16a2Z0XWtOMHcdHxc/getUpdates "HTTP/1.1 200 OK"
2026-03-21 01:51:31 [INFO] bot — Interrupted by user — goodbye
2026-03-21 01:51:46 [INFO] telegram — Telegram ready  channel=-1003626985311  topic=112
2026-03-21 01:51:46 [INFO] bot — TradingBot init  initial_capital=$38,785
2026-03-21 01:51:46 [INFO] httpx — HTTP Request: POST https://api.telegram.org/bot8791865245:AAFAjyaA46DA-mUxQe16a2Z0XWtOMHcdHxc/getMe "HTTP/1.1 200 OK"
2026-03-21 01:51:46 [INFO] telegram.ext.Application — Application started
2026-03-21 01:51:46 [INFO] httpx — HTTP Request: POST https://api.telegram.org/bot8791865245:AAFAjyaA46DA-mUxQe16a2Z0XWtOMHcdHxc/deleteWebhook "HTTP/1.1 200 OK"
2026-03-21 01:51:47 [INFO] telegram — Telegram polling started
2026-03-21 01:51:47 [INFO] bot — Trading loop started — press Ctrl+C to stop
2026-03-21 01:51:47 [INFO] httpx — HTTP Request: GET https://mock-api.roostoo.com/v3/exchangeInfo "HTTP/1.1 200 OK"
2026-03-21 01:51:47 [INFO] bot — Loaded amount_precision for 67 pairs: 1000CHEEMS/USD=0  AAVE/USD=3  ADA/USD=1  APT/USD=2  ARB/USD=1  ASTER/USD=2  AVAX/USD=2  AVNT/USD=1  BIO/USD=1  BMT/USD=1  BNB/USD=3  BONK/USD=0  BTC/USD=5  CAKE/USD=2  CFX/USD=0  CRV/USD=1  DOGE/USD=0  DOT/USD=2  EDEN/USD=1  EIGEN/USD=2  ENA/USD=2  ETH/USD=4  FET/USD=1  FIL/USD=2  FLOKI/USD=0  FORM/USD=1  HBAR/USD=0  HEMI/USD=1  ICP/USD=2  LINEA/USD=0  LINK/USD=2  LISTA/USD=1  LTC/USD=3  MIRA/USD=1  NEAR/USD=1  OMNI/USD=2  ONDO/USD=1  OPEN/USD=1  PAXG/USD=4  PENDLE/USD=1  PENGU/USD=0  PEPE/USD=0  PLUME/USD=0  POL/USD=1  PUMP/USD=0  S/USD=1  SEI/USD=1  SHIB/USD=0  SOL/USD=3  SOMI/USD=1  STO/USD=1  SUI/USD=1  TAO/USD=4  TON/USD=2  TRUMP/USD=3  TRX/USD=1  TUT/USD=0  UNI/USD=2  VIRTUAL/USD=1  WIF/USD=2  WLD/USD=1  WLFI/USD=1  XLM/USD=0  XPL/USD=1  XRP/USD=1  ZEC/USD=3  ZEN/USD=2
2026-03-21 01:51:47 [INFO] bot — Startup: checking for orphan positions…
2026-03-21 01:51:47 [INFO] httpx — HTTP Request: GET https://mock-api.roostoo.com/v3/balance?timestamp=1774029107044 "HTTP/1.1 200 OK"
2026-03-21 01:51:47 [WARNING] bot — Startup: found 2 orphan holding(s): ['AVAX', 'DOGE'] — liquidating…
2026-03-21 01:51:47 [INFO] httpx — HTTP Request: POST https://api.telegram.org/bot8791865245:AAFAjyaA46DA-mUxQe16a2Z0XWtOMHcdHxc/sendMessage "HTTP/1.1 200 OK"
2026-03-21 01:51:47 [INFO] bot — Orphan cleanup: skipping AVAX (qty=0.010000  value≈$0.09 — dust)
2026-03-21 01:51:47 [INFO] bot — Orphan cleanup: skipping DOGE (qty=1.000000  value≈$0.09 — dust)
2026-03-21 01:51:47 [INFO] bot — Orphan cleanup complete: sold=0  skipped(dust)=2
2026-03-21 01:51:47 [INFO] bot — ──── cycle 17:51:47 UTC week=12  pos=[] ────
2026-03-21 01:51:47 [INFO] httpx — HTTP Request: GET https://mock-api.roostoo.com/v3/balance?timestamp=1774029107612 "HTTP/1.1 200 OK"
2026-03-21 01:51:47 [INFO] signals — Regime: SIDEWAYS  BTC 7d=-1.8%  20d=4.1%  MA50gap=-0.2%
2026-03-21 01:51:48 [INFO] signals — Universe (10): ['BTCUSDT', 'ETHUSDT', 'SOLUSDT', 'BNBUSDT', 'XRPUSDT', 'DOGEUSDT', 'TRXUSDT', 'SUIUSDT', 'ADAUSDT', 'LINKUSDT']
2026-03-21 01:51:48 [INFO] signals — Selected (3): ['TRXUSDT', 'XRPUSDT', 'ETHUSDT']
2026-03-21 01:51:48 [INFO] bot — 📅 New weekly plan (startup): regime=SIDEWAYS  selected=['TRXUSDT', 'XRPUSDT', 'ETHUSDT']
2026-03-21 01:51:48 [INFO] bot — → BUY XRPUSDT  pair=XRP/USD  qty=5792.9  alloc=$8,298.99  price=$1.43  trigger=red_day
2026-03-21 01:51:48 [INFO] httpx — HTTP Request: POST https://api.telegram.org/bot8791865245:AAFAjyaA46DA-mUxQe16a2Z0XWtOMHcdHxc/sendMessage "HTTP/1.1 200 OK"
2026-03-21 01:51:49 [INFO] httpx — HTTP Request: POST https://mock-api.roostoo.com/v3/place_order "HTTP/1.1 200 OK"
2026-03-21 01:51:49 [INFO] bot — ✓ BUY filled XRPUSDT  price=$1.43  qty=5792.9  stop=$1.36  tp=$1.65
2026-03-21 01:51:49 [INFO] bot — capital=$40,413.77  peak=$40,413.77  positions=['XRPUSDT']  regime=SIDEWAYS
2026-03-21 01:51:49 [INFO] httpx — HTTP Request: POST https://api.telegram.org/bot8791865245:AAFAjyaA46DA-mUxQe16a2Z0XWtOMHcdHxc/sendMessage "HTTP/1.1 200 OK"
2026-03-21 01:51:57 [INFO] httpx — HTTP Request: POST https://api.telegram.org/bot8791865245:AAFAjyaA46DA-mUxQe16a2Z0XWtOMHcdHxc/getUpdates "HTTP/1.1 200 OK"
2026-03-21 01:52:07 [INFO] httpx — HTTP Request: POST https://api.telegram.org/bot8791865245:AAFAjyaA46DA-mUxQe16a2Z0XWtOMHcdHxc/getUpdates "HTTP/1.1 200 OK"
2026-03-21 01:52:09 [INFO] httpx — HTTP Request: POST https://api.telegram.org/bot8791865245:AAFAjyaA46DA-mUxQe16a2Z0XWtOMHcdHxc/getUpdates "HTTP/1.1 200 OK"
2026-03-21 01:52:10 [INFO] httpx — HTTP Request: POST https://api.telegram.org/bot8791865245:AAFAjyaA46DA-mUxQe16a2Z0XWtOMHcdHxc/sendMessage "HTTP/1.1 200 OK"
2026-03-21 01:52:20 [INFO] httpx — HTTP Request: POST https://api.telegram.org/bot8791865245:AAFAjyaA46DA-mUxQe16a2Z0XWtOMHcdHxc/getUpdates "HTTP/1.1 200 OK"
2026-03-21 01:52:30 [INFO] httpx — HTTP Request: POST https://api.telegram.org/bot8791865245:AAFAjyaA46DA-mUxQe16a2Z0XWtOMHcdHxc/getUpdates "HTTP/1.1 200 OK"
2026-03-21 01:52:40 [INFO] httpx — HTTP Request: POST https://api.telegram.org/bot8791865245:AAFAjyaA46DA-mUxQe16a2Z0XWtOMHcdHxc/getUpdates "HTTP/1.1 200 OK"
2026-03-21 01:52:47 [INFO] bot — ──── cycle 17:52:47 UTC week=12  pos=['XRPUSDT'] ────
2026-03-21 01:52:47 [INFO] httpx — HTTP Request: GET https://mock-api.roostoo.com/v3/balance?timestamp=1774029167626 "HTTP/1.1 200 OK"
2026-03-21 01:52:47 [INFO] signals — Regime: SIDEWAYS  BTC 7d=-1.7%  20d=4.1%  MA50gap=-0.2%
2026-03-21 01:52:48 [INFO] signals — Universe (10): ['BTCUSDT', 'ETHUSDT', 'SOLUSDT', 'BNBUSDT', 'XRPUSDT', 'DOGEUSDT', 'TRXUSDT', 'SUIUSDT', 'ADAUSDT', 'LINKUSDT']
2026-03-21 01:52:48 [INFO] signals — Selected (3): ['TRXUSDT', 'XRPUSDT', 'ETHUSDT']
2026-03-21 01:52:48 [INFO] bot — Rate-limit: skip BUY ETHUSDT (last order 60s ago)
2026-03-21 01:52:48 [INFO] bot — capital=$40,404.89  peak=$40,413.77  positions=['XRPUSDT']  regime=SIDEWAYS
2026-03-21 01:52:50 [INFO] httpx — HTTP Request: POST https://api.telegram.org/bot8791865245:AAFAjyaA46DA-mUxQe16a2Z0XWtOMHcdHxc/getUpdates "HTTP/1.1 200 OK"
2026-03-21 01:53:00 [INFO] httpx — HTTP Request: POST https://api.telegram.org/bot8791865245:AAFAjyaA46DA-mUxQe16a2Z0XWtOMHcdHxc/getUpdates "HTTP/1.1 200 OK"
2026-03-21 01:53:11 [INFO] httpx — HTTP Request: POST https://api.telegram.org/bot8791865245:AAFAjyaA46DA-mUxQe16a2Z0XWtOMHcdHxc/getUpdates "HTTP/1.1 200 OK"
2026-03-21 01:53:21 [INFO] httpx — HTTP Request: POST https://api.telegram.org/bot8791865245:AAFAjyaA46DA-mUxQe16a2Z0XWtOMHcdHxc/getUpdates "HTTP/1.1 200 OK"
2026-03-21 01:53:31 [INFO] httpx — HTTP Request: POST https://api.telegram.org/bot8791865245:AAFAjyaA46DA-mUxQe16a2Z0XWtOMHcdHxc/getUpdates "HTTP/1.1 200 OK"
2026-03-21 01:53:34 [INFO] httpx — HTTP Request: POST https://api.telegram.org/bot8791865245:AAFAjyaA46DA-mUxQe16a2Z0XWtOMHcdHxc/getUpdates "HTTP/1.1 200 OK"
2026-03-21 01:53:35 [INFO] httpx — HTTP Request: POST https://api.telegram.org/bot8791865245:AAFAjyaA46DA-mUxQe16a2Z0XWtOMHcdHxc/sendMessage "HTTP/1.1 200 OK"
2026-03-21 01:53:44 [INFO] httpx — HTTP Request: POST https://api.telegram.org/bot8791865245:AAFAjyaA46DA-mUxQe16a2Z0XWtOMHcdHxc/getUpdates "HTTP/1.1 200 OK"
2026-03-21 01:53:47 [INFO] bot — ──── cycle 17:53:47 UTC week=12  pos=['XRPUSDT'] ────
2026-03-21 01:53:47 [INFO] httpx — HTTP Request: GET https://mock-api.roostoo.com/v3/balance?timestamp=1774029227633 "HTTP/1.1 200 OK"
2026-03-21 01:53:47 [INFO] signals — Regime: SIDEWAYS  BTC 7d=-1.6%  20d=4.2%  MA50gap=-0.1%
2026-03-21 01:53:48 [INFO] signals — Universe (10): ['BTCUSDT', 'ETHUSDT', 'SOLUSDT', 'BNBUSDT', 'XRPUSDT', 'DOGEUSDT', 'TRXUSDT', 'SUIUSDT', 'ADAUSDT', 'LINKUSDT']
2026-03-21 01:53:48 [INFO] signals — Selected (3): ['TRXUSDT', 'XRPUSDT', 'ETHUSDT']
2026-03-21 01:53:48 [INFO] bot — → BUY ETHUSDT  pair=ETH/USD  qty=2.3268  alloc=$4,956.82  price=$2,130.31  trigger=red_day
2026-03-21 01:53:49 [INFO] httpx — HTTP Request: POST https://mock-api.roostoo.com/v3/place_order "HTTP/1.1 200 OK"
2026-03-21 01:53:49 [INFO] bot — ✓ BUY filled ETHUSDT  price=$2,130.31  qty=2.3268  stop=$2,023.79  tp=$2,449.86
2026-03-21 01:53:49 [INFO] bot — capital=$40,408.94  peak=$40,413.77  positions=['XRPUSDT', 'ETHUSDT']  regime=SIDEWAYS
2026-03-21 01:53:50 [INFO] httpx — HTTP Request: POST https://api.telegram.org/bot8791865245:AAFAjyaA46DA-mUxQe16a2Z0XWtOMHcdHxc/sendMessage "HTTP/1.1 200 OK"
2026-03-21 01:53:54 [INFO] httpx — HTTP Request: POST https://api.telegram.org/bot8791865245:AAFAjyaA46DA-mUxQe16a2Z0XWtOMHcdHxc/getUpdates "HTTP/1.1 200 OK"
2026-03-21 01:54:04 [INFO] httpx — HTTP Request: POST https://api.telegram.org/bot8791865245:AAFAjyaA46DA-mUxQe16a2Z0XWtOMHcdHxc/getUpdates "HTTP/1.1 200 OK"
2026-03-21 01:54:15 [INFO] httpx — HTTP Request: POST https://api.telegram.org/bot8791865245:AAFAjyaA46DA-mUxQe16a2Z0XWtOMHcdHxc/getUpdates "HTTP/1.1 200 OK"
2026-03-21 01:54:25 [INFO] httpx — HTTP Request: POST https://api.telegram.org/bot8791865245:AAFAjyaA46DA-mUxQe16a2Z0XWtOMHcdHxc/getUpdates "HTTP/1.1 200 OK"
2026-03-21 01:54:35 [INFO] httpx — HTTP Request: POST https://api.telegram.org/bot8791865245:AAFAjyaA46DA-mUxQe16a2Z0XWtOMHcdHxc/getUpdates "HTTP/1.1 200 OK"
2026-03-21 01:54:45 [INFO] httpx — HTTP Request: POST https://api.telegram.org/bot8791865245:AAFAjyaA46DA-mUxQe16a2Z0XWtOMHcdHxc/getUpdates "HTTP/1.1 200 OK"
2026-03-21 01:54:47 [INFO] bot — ──── cycle 17:54:47 UTC week=12  pos=['XRPUSDT', 'ETHUSDT'] ────
2026-03-21 01:54:47 [INFO] httpx — HTTP Request: GET https://mock-api.roostoo.com/v3/balance?timestamp=1774029287633 "HTTP/1.1 200 OK"
2026-03-21 01:54:47 [INFO] signals — Regime: SIDEWAYS  BTC 7d=-1.6%  20d=4.2%  MA50gap=-0.1%
2026-03-21 01:54:48 [INFO] signals — Universe (10): ['BTCUSDT', 'ETHUSDT', 'SOLUSDT', 'BNBUSDT', 'XRPUSDT', 'DOGEUSDT', 'TRXUSDT', 'SUIUSDT', 'ADAUSDT', 'LINKUSDT']
2026-03-21 01:54:48 [INFO] signals — Selected (3): ['TRXUSDT', 'XRPUSDT', 'ETHUSDT']
2026-03-21 01:54:48 [INFO] bot — capital=$40,410.94  peak=$40,413.77  positions=['XRPUSDT', 'ETHUSDT']  regime=SIDEWAYS
2026-03-21 01:54:49 [INFO] httpx — HTTP Request: POST https://api.telegram.org/bot8791865245:AAFAjyaA46DA-mUxQe16a2Z0XWtOMHcdHxc/getUpdates "HTTP/1.1 200 OK"
2026-03-21 01:54:54 [INFO] httpx — HTTP Request: POST https://api.telegram.org/bot8791865245:AAFAjyaA46DA-mUxQe16a2Z0XWtOMHcdHxc/getUpdates "HTTP/1.1 200 OK"
2026-03-21 01:55:04 [INFO] httpx — HTTP Request: POST https://api.telegram.org/bot8791865245:AAFAjyaA46DA-mUxQe16a2Z0XWtOMHcdHxc/getUpdates "HTTP/1.1 200 OK"
2026-03-21 01:55:06 [INFO] httpx — HTTP Request: POST https://api.telegram.org/bot8791865245:AAFAjyaA46DA-mUxQe16a2Z0XWtOMHcdHxc/getUpdates "HTTP/1.1 200 OK"
2026-03-21 01:55:06 [INFO] httpx — HTTP Request: POST https://api.telegram.org/bot8791865245:AAFAjyaA46DA-mUxQe16a2Z0XWtOMHcdHxc/sendMessage "HTTP/1.1 200 OK"
2026-03-21 01:55:16 [INFO] httpx — HTTP Request: POST https://api.telegram.org/bot8791865245:AAFAjyaA46DA-mUxQe16a2Z0XWtOMHcdHxc/getUpdates "HTTP/1.1 200 OK"
2026-03-21 01:55:16 [INFO] httpx — HTTP Request: POST https://api.telegram.org/bot8791865245:AAFAjyaA46DA-mUxQe16a2Z0XWtOMHcdHxc/getUpdates "HTTP/1.1 200 OK"
2026-03-21 01:55:21 [INFO] httpx — HTTP Request: POST https://api.telegram.org/bot8791865245:AAFAjyaA46DA-mUxQe16a2Z0XWtOMHcdHxc/getUpdates "HTTP/1.1 200 OK"
2026-03-21 01:55:25 [INFO] httpx — HTTP Request: POST https://api.telegram.org/bot8791865245:AAFAjyaA46DA-mUxQe16a2Z0XWtOMHcdHxc/getUpdates "HTTP/1.1 200 OK"
2026-03-21 01:55:26 [INFO] httpx — HTTP Request: POST https://api.telegram.org/bot8791865245:AAFAjyaA46DA-mUxQe16a2Z0XWtOMHcdHxc/sendMessage "HTTP/1.1 200 OK"
2026-03-21 01:55:35 [INFO] httpx — HTTP Request: POST https://api.telegram.org/bot8791865245:AAFAjyaA46DA-mUxQe16a2Z0XWtOMHcdHxc/getUpdates "HTTP/1.1 200 OK"
2026-03-21 01:55:45 [INFO] httpx — HTTP Request: POST https://api.telegram.org/bot8791865245:AAFAjyaA46DA-mUxQe16a2Z0XWtOMHcdHxc/getUpdates "HTTP/1.1 200 OK"
2026-03-21 01:55:47 [INFO] bot — ──── cycle 17:55:47 UTC week=12  pos=['XRPUSDT', 'ETHUSDT'] ────
2026-03-21 01:55:47 [INFO] httpx — HTTP Request: GET https://mock-api.roostoo.com/v3/balance?timestamp=1774029347645 "HTTP/1.1 200 OK"
2026-03-21 01:55:47 [INFO] signals — Regime: SIDEWAYS  BTC 7d=-1.6%  20d=4.2%  MA50gap=-0.1%
2026-03-21 01:55:48 [INFO] signals — Universe (10): ['BTCUSDT', 'ETHUSDT', 'SOLUSDT', 'BNBUSDT', 'XRPUSDT', 'DOGEUSDT', 'TRXUSDT', 'SUIUSDT', 'ADAUSDT', 'LINKUSDT']
2026-03-21 01:55:48 [INFO] signals — Selected (3): ['TRXUSDT', 'XRPUSDT', 'ETHUSDT']
2026-03-21 01:55:48 [INFO] bot — capital=$40,420.68  peak=$40,420.68  positions=['XRPUSDT', 'ETHUSDT']  regime=SIDEWAYS
2026-03-21 01:55:55 [INFO] httpx — HTTP Request: POST https://api.telegram.org/bot8791865245:AAFAjyaA46DA-mUxQe16a2Z0XWtOMHcdHxc/getUpdates "HTTP/1.1 200 OK"
2026-03-21 01:56:00 [INFO] httpx — HTTP Request: POST https://api.telegram.org/bot8791865245:AAFAjyaA46DA-mUxQe16a2Z0XWtOMHcdHxc/getUpdates "HTTP/1.1 200 OK"
2026-03-21 01:56:04 [INFO] httpx — HTTP Request: POST https://api.telegram.org/bot8791865245:AAFAjyaA46DA-mUxQe16a2Z0XWtOMHcdHxc/getUpdates "HTTP/1.1 200 OK"
2026-03-21 01:56:11 [INFO] httpx — HTTP Request: POST https://api.telegram.org/bot8791865245:AAFAjyaA46DA-mUxQe16a2Z0XWtOMHcdHxc/getUpdates "HTTP/1.1 200 OK"
2026-03-21 01:56:21 [INFO] httpx — HTTP Request: POST https://api.telegram.org/bot8791865245:AAFAjyaA46DA-mUxQe16a2Z0XWtOMHcdHxc/getUpdates "HTTP/1.1 200 OK"
2026-03-21 01:56:31 [INFO] httpx — HTTP Request: POST https://api.telegram.org/bot8791865245:AAFAjyaA46DA-mUxQe16a2Z0XWtOMHcdHxc/getUpdates "HTTP/1.1 200 OK"
2026-03-21 01:56:41 [INFO] httpx — HTTP Request: POST https://api.telegram.org/bot8791865245:AAFAjyaA46DA-mUxQe16a2Z0XWtOMHcdHxc/getUpdates "HTTP/1.1 200 OK"
2026-03-21 01:56:44 [INFO] httpx — HTTP Request: POST https://api.telegram.org/bot8791865245:AAFAjyaA46DA-mUxQe16a2Z0XWtOMHcdHxc/getUpdates "HTTP/1.1 200 OK"
2026-03-21 01:56:47 [INFO] bot — ──── cycle 17:56:47 UTC week=12  pos=['XRPUSDT', 'ETHUSDT'] ────
2026-03-21 01:56:47 [INFO] httpx — HTTP Request: GET https://mock-api.roostoo.com/v3/balance?timestamp=1774029407650 "HTTP/1.1 200 OK"
2026-03-21 01:56:47 [INFO] signals — Regime: SIDEWAYS  BTC 7d=-1.5%  20d=4.3%  MA50gap=-0.0%
2026-03-21 01:56:48 [INFO] signals — Universe (10): ['BTCUSDT', 'ETHUSDT', 'SOLUSDT', 'BNBUSDT', 'XRPUSDT', 'DOGEUSDT', 'TRXUSDT', 'SUIUSDT', 'ADAUSDT', 'LINKUSDT']
2026-03-21 01:56:48 [INFO] signals — Selected (3): ['TRXUSDT', 'XRPUSDT', 'ETHUSDT']
2026-03-21 01:56:48 [INFO] bot — capital=$40,423.42  peak=$40,423.42  positions=['XRPUSDT', 'ETHUSDT']  regime=SIDEWAYS
2026-03-21 01:56:51 [INFO] httpx — HTTP Request: POST https://api.telegram.org/bot8791865245:AAFAjyaA46DA-mUxQe16a2Z0XWtOMHcdHxc/getUpdates "HTTP/1.1 200 OK"
2026-03-21 01:56:54 [INFO] httpx — HTTP Request: POST https://api.telegram.org/bot8791865245:AAFAjyaA46DA-mUxQe16a2Z0XWtOMHcdHxc/getUpdates "HTTP/1.1 200 OK"
2026-03-21 01:57:02 [INFO] httpx — HTTP Request: POST https://api.telegram.org/bot8791865245:AAFAjyaA46DA-mUxQe16a2Z0XWtOMHcdHxc/getUpdates "HTTP/1.1 200 OK"
2026-03-21 01:57:03 [INFO] httpx — HTTP Request: POST https://api.telegram.org/bot8791865245:AAFAjyaA46DA-mUxQe16a2Z0XWtOMHcdHxc/sendMessage "HTTP/1.1 200 OK"
2026-03-21 01:57:07 [INFO] httpx — HTTP Request: POST https://api.telegram.org/bot8791865245:AAFAjyaA46DA-mUxQe16a2Z0XWtOMHcdHxc/getUpdates "HTTP/1.1 200 OK"
2026-03-21 01:57:07 [INFO] httpx — HTTP Request: POST https://api.telegram.org/bot8791865245:AAFAjyaA46DA-mUxQe16a2Z0XWtOMHcdHxc/sendMessage "HTTP/1.1 200 OK"
2026-03-21 01:57:17 [INFO] httpx — HTTP Request: POST https://api.telegram.org/bot8791865245:AAFAjyaA46DA-mUxQe16a2Z0XWtOMHcdHxc/getUpdates "HTTP/1.1 200 OK"
2026-03-21 01:57:27 [INFO] httpx — HTTP Request: POST https://api.telegram.org/bot8791865245:AAFAjyaA46DA-mUxQe16a2Z0XWtOMHcdHxc/getUpdates "HTTP/1.1 200 OK"
2026-03-21 01:57:35 [INFO] httpx — HTTP Request: POST https://api.telegram.org/bot8791865245:AAFAjyaA46DA-mUxQe16a2Z0XWtOMHcdHxc/getUpdates "HTTP/1.1 200 OK"
2026-03-21 01:57:45 [INFO] httpx — HTTP Request: POST https://api.telegram.org/bot8791865245:AAFAjyaA46DA-mUxQe16a2Z0XWtOMHcdHxc/getUpdates "HTTP/1.1 200 OK"
2026-03-21 01:57:47 [INFO] bot — ──── cycle 17:57:47 UTC week=12  pos=['XRPUSDT', 'ETHUSDT'] ────
2026-03-21 01:57:47 [INFO] httpx — HTTP Request: GET https://mock-api.roostoo.com/v3/balance?timestamp=1774029467652 "HTTP/1.1 200 OK"
2026-03-21 01:57:47 [INFO] signals — Regime: SIDEWAYS  BTC 7d=-1.4%  20d=4.4%  MA50gap=0.1%
2026-03-21 01:57:48 [INFO] signals — Universe (10): ['BTCUSDT', 'ETHUSDT', 'SOLUSDT', 'BNBUSDT', 'XRPUSDT', 'DOGEUSDT', 'TRXUSDT', 'SUIUSDT', 'ADAUSDT', 'LINKUSDT']
2026-03-21 01:57:48 [INFO] signals — Selected (3): ['TRXUSDT', 'XRPUSDT', 'ETHUSDT']
2026-03-21 01:57:48 [INFO] bot — capital=$40,426.72  peak=$40,426.72  positions=['XRPUSDT', 'ETHUSDT']  regime=SIDEWAYS
2026-03-21 01:57:55 [INFO] httpx — HTTP Request: POST https://api.telegram.org/bot8791865245:AAFAjyaA46DA-mUxQe16a2Z0XWtOMHcdHxc/getUpdates "HTTP/1.1 200 OK"
2026-03-21 01:58:02 [INFO] bot — Interrupted by user — goodbye
2026-03-21 01:58:18 [INFO] telegram — Telegram ready  channel=-1003626985311  topic=112
2026-03-21 01:58:18 [INFO] bot — TradingBot init  initial_capital=$40,380
2026-03-21 01:58:18 [INFO] httpx — HTTP Request: POST https://api.telegram.org/bot8791865245:AAFAjyaA46DA-mUxQe16a2Z0XWtOMHcdHxc/getMe "HTTP/1.1 200 OK"
2026-03-21 01:58:18 [INFO] telegram.ext.Application — Application started
2026-03-21 01:58:18 [INFO] httpx — HTTP Request: POST https://api.telegram.org/bot8791865245:AAFAjyaA46DA-mUxQe16a2Z0XWtOMHcdHxc/deleteWebhook "HTTP/1.1 200 OK"
2026-03-21 01:58:18 [INFO] telegram — Telegram polling started
2026-03-21 01:58:18 [INFO] bot — Trading loop started — press Ctrl+C to stop
2026-03-21 01:58:18 [INFO] httpx — HTTP Request: GET https://mock-api.roostoo.com/v3/exchangeInfo "HTTP/1.1 200 OK"
2026-03-21 01:58:18 [INFO] bot — Loaded amount_precision for 67 pairs: 1000CHEEMS/USD=0  AAVE/USD=3  ADA/USD=1  APT/USD=2  ARB/USD=1  ASTER/USD=2  AVAX/USD=2  AVNT/USD=1  BIO/USD=1  BMT/USD=1  BNB/USD=3  BONK/USD=0  BTC/USD=5  CAKE/USD=2  CFX/USD=0  CRV/USD=1  DOGE/USD=0  DOT/USD=2  EDEN/USD=1  EIGEN/USD=2  ENA/USD=2  ETH/USD=4  FET/USD=1  FIL/USD=2  FLOKI/USD=0  FORM/USD=1  HBAR/USD=0  HEMI/USD=1  ICP/USD=2  LINEA/USD=0  LINK/USD=2  LISTA/USD=1  LTC/USD=3  MIRA/USD=1  NEAR/USD=1  OMNI/USD=2  ONDO/USD=1  OPEN/USD=1  PAXG/USD=4  PENDLE/USD=1  PENGU/USD=0  PEPE/USD=0  PLUME/USD=0  POL/USD=1  PUMP/USD=0  S/USD=1  SEI/USD=1  SHIB/USD=0  SOL/USD=3  SOMI/USD=1  STO/USD=1  SUI/USD=1  TAO/USD=4  TON/USD=2  TRUMP/USD=3  TRX/USD=1  TUT/USD=0  UNI/USD=2  VIRTUAL/USD=1  WIF/USD=2  WLD/USD=1  WLFI/USD=1  XLM/USD=0  XPL/USD=1  XRP/USD=1  ZEC/USD=3  ZEN/USD=2
2026-03-21 01:58:18 [INFO] bot — Startup: checking for orphan positions…
2026-03-21 01:58:18 [INFO] httpx — HTTP Request: GET https://mock-api.roostoo.com/v3/balance?timestamp=1774029498756 "HTTP/1.1 200 OK"
2026-03-21 01:58:18 [WARNING] bot — Startup: found 4 orphan holding(s): ['AVAX', 'DOGE', 'ETH', 'XRP'] — liquidating…
2026-03-21 01:58:19 [INFO] httpx — HTTP Request: POST https://api.telegram.org/bot8791865245:AAFAjyaA46DA-mUxQe16a2Z0XWtOMHcdHxc/sendMessage "HTTP/1.1 200 OK"
2026-03-21 01:58:19 [INFO] bot — Orphan cleanup: skipping AVAX (qty=0.010000  value≈$0.09 — dust)
2026-03-21 01:58:19 [INFO] bot — Orphan cleanup: skipping DOGE (qty=1.000000  value≈$0.09 — dust)
2026-03-21 01:58:19 [INFO] bot — Orphan cleanup: SELL ETH  pair=ETH/USD  qty=2.326700  ≈$4977.23
2026-03-21 01:58:20 [INFO] httpx — HTTP Request: POST https://mock-api.roostoo.com/v3/place_order "HTTP/1.1 200 OK"
2026-03-21 01:58:20 [INFO] bot — Orphan cleanup: sold ETH  filled_price=$2,139.19  proceeds=$4,977.25
2026-03-21 01:58:20 [INFO] bot — Orphan cleanup: rate-limit wait 61s before selling XRP
2026-03-21 01:58:21 [INFO] httpx — HTTP Request: POST https://api.telegram.org/bot8791865245:AAFAjyaA46DA-mUxQe16a2Z0XWtOMHcdHxc/sendMessage "HTTP/1.1 200 OK"
2026-03-21 01:58:29 [INFO] httpx — HTTP Request: POST https://api.telegram.org/bot8791865245:AAFAjyaA46DA-mUxQe16a2Z0XWtOMHcdHxc/getUpdates "HTTP/1.1 200 OK"
2026-03-21 01:58:30 [INFO] httpx — HTTP Request: POST https://api.telegram.org/bot8791865245:AAFAjyaA46DA-mUxQe16a2Z0XWtOMHcdHxc/getUpdates "HTTP/1.1 200 OK"
2026-03-21 01:58:31 [INFO] httpx — HTTP Request: POST https://api.telegram.org/bot8791865245:AAFAjyaA46DA-mUxQe16a2Z0XWtOMHcdHxc/getUpdates "HTTP/1.1 200 OK"
2026-03-21 01:58:40 [INFO] httpx — HTTP Request: POST https://api.telegram.org/bot8791865245:AAFAjyaA46DA-mUxQe16a2Z0XWtOMHcdHxc/getUpdates "HTTP/1.1 200 OK"
2026-03-21 01:58:48 [INFO] httpx — HTTP Request: POST https://api.telegram.org/bot8791865245:AAFAjyaA46DA-mUxQe16a2Z0XWtOMHcdHxc/getUpdates "HTTP/1.1 200 OK"
2026-03-21 01:58:50 [INFO] httpx — HTTP Request: POST https://api.telegram.org/bot8791865245:AAFAjyaA46DA-mUxQe16a2Z0XWtOMHcdHxc/getUpdates "HTTP/1.1 200 OK"
2026-03-21 01:58:51 [INFO] httpx — HTTP Request: POST https://api.telegram.org/bot8791865245:AAFAjyaA46DA-mUxQe16a2Z0XWtOMHcdHxc/getUpdates "HTTP/1.1 200 OK"
2026-03-21 01:58:53 [INFO] httpx — HTTP Request: POST https://api.telegram.org/bot8791865245:AAFAjyaA46DA-mUxQe16a2Z0XWtOMHcdHxc/getUpdates "HTTP/1.1 200 OK"
2026-03-21 01:59:03 [INFO] httpx — HTTP Request: POST https://api.telegram.org/bot8791865245:AAFAjyaA46DA-mUxQe16a2Z0XWtOMHcdHxc/getUpdates "HTTP/1.1 200 OK"
2026-03-21 01:59:13 [INFO] httpx — HTTP Request: POST https://api.telegram.org/bot8791865245:AAFAjyaA46DA-mUxQe16a2Z0XWtOMHcdHxc/getUpdates "HTTP/1.1 200 OK"
2026-03-21 01:59:21 [INFO] bot — Orphan cleanup: SELL XRP  pair=XRP/USD  qty=5792.900000  ≈$8342.93
2026-03-21 01:59:22 [INFO] httpx — HTTP Request: POST https://mock-api.roostoo.com/v3/place_order "HTTP/1.1 200 OK"
2026-03-21 01:59:22 [INFO] bot — Orphan cleanup: sold XRP  filled_price=$1.44  proceeds=$8,332.51
2026-03-21 01:59:22 [INFO] bot — Orphan cleanup complete: sold=2  skipped(dust)=2
2026-03-21 01:59:23 [INFO] httpx — HTTP Request: POST https://api.telegram.org/bot8791865245:AAFAjyaA46DA-mUxQe16a2Z0XWtOMHcdHxc/sendMessage "HTTP/1.1 200 OK"
2026-03-21 01:59:23 [INFO] httpx — HTTP Request: POST https://api.telegram.org/bot8791865245:AAFAjyaA46DA-mUxQe16a2Z0XWtOMHcdHxc/sendMessage "HTTP/1.1 200 OK"
2026-03-21 01:59:23 [INFO] bot — ──── cycle 17:59:23 UTC week=12  pos=[] ────
2026-03-21 01:59:23 [INFO] httpx — HTTP Request: GET https://mock-api.roostoo.com/v3/balance?timestamp=1774029563365 "HTTP/1.1 200 OK"
2026-03-21 01:59:23 [INFO] signals — Regime: SIDEWAYS  BTC 7d=-1.4%  20d=4.4%  MA50gap=0.1%
2026-03-21 01:59:23 [INFO] httpx — HTTP Request: POST https://api.telegram.org/bot8791865245:AAFAjyaA46DA-mUxQe16a2Z0XWtOMHcdHxc/getUpdates "HTTP/1.1 200 OK"
2026-03-21 01:59:24 [INFO] signals — Universe (10): ['BTCUSDT', 'ETHUSDT', 'SOLUSDT', 'BNBUSDT', 'XRPUSDT', 'DOGEUSDT', 'TRXUSDT', 'SUIUSDT', 'ADAUSDT', 'LINKUSDT']
2026-03-21 01:59:24 [INFO] signals — Selected (3): ['TRXUSDT', 'XRPUSDT', 'ETHUSDT']
2026-03-21 01:59:24 [INFO] bot — 📅 New weekly plan (startup): regime=SIDEWAYS  selected=['TRXUSDT', 'XRPUSDT', 'ETHUSDT']
2026-03-21 01:59:24 [INFO] bot — Rate-limit: skip BUY XRPUSDT (last order 2s ago)
2026-03-21 01:59:24 [INFO] bot — Rate-limit: skip BUY ETHUSDT (last order 2s ago)
2026-03-21 01:59:24 [INFO] bot — capital=$40,440.67  peak=$40,440.67  positions=[]  regime=SIDEWAYS
2026-03-21 01:59:25 [INFO] httpx — HTTP Request: POST https://api.telegram.org/bot8791865245:AAFAjyaA46DA-mUxQe16a2Z0XWtOMHcdHxc/sendMessage "HTTP/1.1 200 OK"
2026-03-21 01:59:33 [INFO] httpx — HTTP Request: POST https://api.telegram.org/bot8791865245:AAFAjyaA46DA-mUxQe16a2Z0XWtOMHcdHxc/getUpdates "HTTP/1.1 200 OK"
2026-03-21 01:59:44 [INFO] httpx — HTTP Request: POST https://api.telegram.org/bot8791865245:AAFAjyaA46DA-mUxQe16a2Z0XWtOMHcdHxc/getUpdates "HTTP/1.1 200 OK"
2026-03-21 01:59:54 [INFO] httpx — HTTP Request: POST https://api.telegram.org/bot8791865245:AAFAjyaA46DA-mUxQe16a2Z0XWtOMHcdHxc/getUpdates "HTTP/1.1 200 OK"
2026-03-21 02:00:04 [INFO] httpx — HTTP Request: POST https://api.telegram.org/bot8791865245:AAFAjyaA46DA-mUxQe16a2Z0XWtOMHcdHxc/getUpdates "HTTP/1.1 200 OK"
2026-03-21 02:00:14 [INFO] httpx — HTTP Request: POST https://api.telegram.org/bot8791865245:AAFAjyaA46DA-mUxQe16a2Z0XWtOMHcdHxc/getUpdates "HTTP/1.1 200 OK"
2026-03-21 02:00:23 [INFO] bot — ──── cycle 18:00:23 UTC week=12  pos=[] ────
2026-03-21 02:00:23 [INFO] httpx — HTTP Request: GET https://mock-api.roostoo.com/v3/balance?timestamp=1774029623377 "HTTP/1.1 200 OK"
2026-03-21 02:00:23 [INFO] signals — Regime: SIDEWAYS  BTC 7d=-1.3%  20d=4.5%  MA50gap=0.2%
2026-03-21 02:00:24 [INFO] signals — Universe (10): ['BTCUSDT', 'ETHUSDT', 'SOLUSDT', 'BNBUSDT', 'XRPUSDT', 'DOGEUSDT', 'TRXUSDT', 'SUIUSDT', 'ADAUSDT', 'LINKUSDT']
2026-03-21 02:00:24 [INFO] signals — Selected (3): ['TRXUSDT', 'XRPUSDT', 'ETHUSDT']
2026-03-21 02:00:24 [INFO] bot — → BUY XRPUSDT  pair=XRP/USD  qty=6071.8  alloc=$8,739.20  price=$1.44  trigger=red_day
2026-03-21 02:00:24 [INFO] httpx — HTTP Request: POST https://api.telegram.org/bot8791865245:AAFAjyaA46DA-mUxQe16a2Z0XWtOMHcdHxc/getUpdates "HTTP/1.1 200 OK"
2026-03-21 02:00:25 [INFO] httpx — HTTP Request: POST https://mock-api.roostoo.com/v3/place_order "HTTP/1.1 200 OK"
2026-03-21 02:00:25 [INFO] bot — ✓ BUY filled XRPUSDT  price=$1.44  qty=6071.8  stop=$1.37  tp=$1.66
2026-03-21 02:00:25 [INFO] bot — capital=$40,440.67  peak=$40,440.67  positions=['XRPUSDT']  regime=SIDEWAYS
2026-03-21 02:00:26 [INFO] httpx — HTTP Request: POST https://api.telegram.org/bot8791865245:AAFAjyaA46DA-mUxQe16a2Z0XWtOMHcdHxc/sendMessage "HTTP/1.1 200 OK"
2026-03-21 02:00:34 [INFO] httpx — HTTP Request: POST https://api.telegram.org/bot8791865245:AAFAjyaA46DA-mUxQe16a2Z0XWtOMHcdHxc/getUpdates "HTTP/1.1 200 OK"
2026-03-21 02:00:45 [INFO] httpx — HTTP Request: POST https://api.telegram.org/bot8791865245:AAFAjyaA46DA-mUxQe16a2Z0XWtOMHcdHxc/getUpdates "HTTP/1.1 200 OK"
2026-03-21 02:00:55 [INFO] httpx — HTTP Request: POST https://api.telegram.org/bot8791865245:AAFAjyaA46DA-mUxQe16a2Z0XWtOMHcdHxc/getUpdates "HTTP/1.1 200 OK"
2026-03-21 02:01:05 [INFO] httpx — HTTP Request: POST https://api.telegram.org/bot8791865245:AAFAjyaA46DA-mUxQe16a2Z0XWtOMHcdHxc/getUpdates "HTTP/1.1 200 OK"
2026-03-21 02:01:15 [INFO] httpx — HTTP Request: POST https://api.telegram.org/bot8791865245:AAFAjyaA46DA-mUxQe16a2Z0XWtOMHcdHxc/getUpdates "HTTP/1.1 200 OK"
2026-03-21 02:01:23 [INFO] bot — ──── cycle 18:01:23 UTC week=12  pos=['XRPUSDT'] ────
2026-03-21 02:01:23 [INFO] httpx — HTTP Request: GET https://mock-api.roostoo.com/v3/balance?timestamp=1774029683393 "HTTP/1.1 200 OK"
2026-03-21 02:01:23 [INFO] signals — Regime: SIDEWAYS  BTC 7d=-1.4%  20d=4.4%  MA50gap=0.1%
2026-03-21 02:01:24 [INFO] signals — Universe (10): ['BTCUSDT', 'ETHUSDT', 'SOLUSDT', 'BNBUSDT', 'XRPUSDT', 'DOGEUSDT', 'TRXUSDT', 'SUIUSDT', 'ADAUSDT', 'LINKUSDT']
2026-03-21 02:01:24 [INFO] signals — Selected (3): ['TRXUSDT', 'XRPUSDT', 'ETHUSDT']
2026-03-21 02:01:24 [INFO] bot — Rate-limit: skip BUY ETHUSDT (last order 59s ago)
2026-03-21 02:01:24 [INFO] bot — capital=$40,431.93  peak=$40,440.67  positions=['XRPUSDT']  regime=SIDEWAYS
2026-03-21 02:01:25 [INFO] httpx — HTTP Request: POST https://api.telegram.org/bot8791865245:AAFAjyaA46DA-mUxQe16a2Z0XWtOMHcdHxc/getUpdates "HTTP/1.1 200 OK"
2026-03-21 02:01:35 [INFO] httpx — HTTP Request: POST https://api.telegram.org/bot8791865245:AAFAjyaA46DA-mUxQe16a2Z0XWtOMHcdHxc/getUpdates "HTTP/1.1 200 OK"
2026-03-21 02:01:46 [INFO] httpx — HTTP Request: POST https://api.telegram.org/bot8791865245:AAFAjyaA46DA-mUxQe16a2Z0XWtOMHcdHxc/getUpdates "HTTP/1.1 200 OK"
2026-03-21 02:01:56 [INFO] httpx — HTTP Request: POST https://api.telegram.org/bot8791865245:AAFAjyaA46DA-mUxQe16a2Z0XWtOMHcdHxc/getUpdates "HTTP/1.1 200 OK"
2026-03-21 02:02:06 [INFO] httpx — HTTP Request: POST https://api.telegram.org/bot8791865245:AAFAjyaA46DA-mUxQe16a2Z0XWtOMHcdHxc/getUpdates "HTTP/1.1 200 OK"
2026-03-21 02:02:16 [INFO] httpx — HTTP Request: POST https://api.telegram.org/bot8791865245:AAFAjyaA46DA-mUxQe16a2Z0XWtOMHcdHxc/getUpdates "HTTP/1.1 200 OK"
2026-03-21 02:02:23 [INFO] bot — ──── cycle 18:02:23 UTC week=12  pos=['XRPUSDT'] ────
2026-03-21 02:02:23 [INFO] httpx — HTTP Request: GET https://mock-api.roostoo.com/v3/balance?timestamp=1774029743393 "HTTP/1.1 200 OK"
2026-03-21 02:02:23 [INFO] signals — Regime: SIDEWAYS  BTC 7d=-1.4%  20d=4.4%  MA50gap=0.1%
2026-03-21 02:02:24 [INFO] signals — Universe (10): ['BTCUSDT', 'ETHUSDT', 'SOLUSDT', 'BNBUSDT', 'XRPUSDT', 'DOGEUSDT', 'TRXUSDT', 'SUIUSDT', 'ADAUSDT', 'LINKUSDT']
2026-03-21 02:02:24 [INFO] signals — Selected (3): ['TRXUSDT', 'XRPUSDT', 'ETHUSDT']
2026-03-21 02:02:24 [INFO] bot — → BUY ETHUSDT  pair=ETH/USD  qty=2.424  alloc=$5,172.07  price=$2,133.64  trigger=red_day
2026-03-21 02:02:25 [INFO] httpx — HTTP Request: POST https://mock-api.roostoo.com/v3/place_order "HTTP/1.1 200 OK"
2026-03-21 02:02:25 [INFO] bot — ✓ BUY filled ETHUSDT  price=$2,133.64  qty=2.424  stop=$2,026.96  tp=$2,453.69
2026-03-21 02:02:25 [INFO] bot — capital=$40,425.25  peak=$40,440.67  positions=['XRPUSDT', 'ETHUSDT']  regime=SIDEWAYS
2026-03-21 02:02:26 [INFO] httpx — HTTP Request: POST https://api.telegram.org/bot8791865245:AAFAjyaA46DA-mUxQe16a2Z0XWtOMHcdHxc/sendMessage "HTTP/1.1 200 OK"
2026-03-21 02:02:26 [INFO] httpx — HTTP Request: POST https://api.telegram.org/bot8791865245:AAFAjyaA46DA-mUxQe16a2Z0XWtOMHcdHxc/getUpdates "HTTP/1.1 200 OK"
2026-03-21 02:02:37 [INFO] httpx — HTTP Request: POST https://api.telegram.org/bot8791865245:AAFAjyaA46DA-mUxQe16a2Z0XWtOMHcdHxc/getUpdates "HTTP/1.1 200 OK"
2026-03-21 02:02:47 [INFO] httpx — HTTP Request: POST https://api.telegram.org/bot8791865245:AAFAjyaA46DA-mUxQe16a2Z0XWtOMHcdHxc/getUpdates "HTTP/1.1 200 OK"
2026-03-21 02:02:57 [INFO] httpx — HTTP Request: POST https://api.telegram.org/bot8791865245:AAFAjyaA46DA-mUxQe16a2Z0XWtOMHcdHxc/getUpdates "HTTP/1.1 200 OK"
2026-03-21 02:03:07 [INFO] httpx — HTTP Request: POST https://api.telegram.org/bot8791865245:AAFAjyaA46DA-mUxQe16a2Z0XWtOMHcdHxc/getUpdates "HTTP/1.1 200 OK"
2026-03-21 02:03:17 [INFO] httpx — HTTP Request: POST https://api.telegram.org/bot8791865245:AAFAjyaA46DA-mUxQe16a2Z0XWtOMHcdHxc/getUpdates "HTTP/1.1 200 OK"
2026-03-21 02:03:23 [INFO] bot — ──── cycle 18:03:23 UTC week=12  pos=['XRPUSDT', 'ETHUSDT'] ────
2026-03-21 02:03:23 [INFO] httpx — HTTP Request: GET https://mock-api.roostoo.com/v3/balance?timestamp=1774029803405 "HTTP/1.1 200 OK"
2026-03-21 02:03:23 [INFO] signals — Regime: SIDEWAYS  BTC 7d=-1.4%  20d=4.5%  MA50gap=0.2%
2026-03-21 02:03:24 [INFO] signals — Universe (10): ['BTCUSDT', 'ETHUSDT', 'SOLUSDT', 'BNBUSDT', 'XRPUSDT', 'DOGEUSDT', 'TRXUSDT', 'SUIUSDT', 'ADAUSDT', 'LINKUSDT']
2026-03-21 02:03:24 [INFO] signals — Selected (3): ['TRXUSDT', 'XRPUSDT', 'ETHUSDT']
2026-03-21 02:03:24 [INFO] bot — capital=$40,414.62  peak=$40,440.67  positions=['XRPUSDT', 'ETHUSDT']  regime=SIDEWAYS
2026-03-21 02:03:27 [INFO] httpx — HTTP Request: POST https://api.telegram.org/bot8791865245:AAFAjyaA46DA-mUxQe16a2Z0XWtOMHcdHxc/getUpdates "HTTP/1.1 200 OK"
2026-03-21 02:03:38 [INFO] httpx — HTTP Request: POST https://api.telegram.org/bot8791865245:AAFAjyaA46DA-mUxQe16a2Z0XWtOMHcdHxc/getUpdates "HTTP/1.1 200 OK"
2026-03-21 02:03:48 [INFO] httpx — HTTP Request: POST https://api.telegram.org/bot8791865245:AAFAjyaA46DA-mUxQe16a2Z0XWtOMHcdHxc/getUpdates "HTTP/1.1 200 OK"
2026-03-21 02:03:58 [INFO] httpx — HTTP Request: POST https://api.telegram.org/bot8791865245:AAFAjyaA46DA-mUxQe16a2Z0XWtOMHcdHxc/getUpdates "HTTP/1.1 200 OK"
2026-03-21 02:04:08 [INFO] httpx — HTTP Request: POST https://api.telegram.org/bot8791865245:AAFAjyaA46DA-mUxQe16a2Z0XWtOMHcdHxc/getUpdates "HTTP/1.1 200 OK"
2026-03-21 02:04:18 [INFO] httpx — HTTP Request: POST https://api.telegram.org/bot8791865245:AAFAjyaA46DA-mUxQe16a2Z0XWtOMHcdHxc/getUpdates "HTTP/1.1 200 OK"
2026-03-21 02:04:23 [INFO] bot — ──── cycle 18:04:23 UTC week=12  pos=['XRPUSDT', 'ETHUSDT'] ────
2026-03-21 02:04:23 [INFO] httpx — HTTP Request: GET https://mock-api.roostoo.com/v3/balance?timestamp=1774029863412 "HTTP/1.1 200 OK"
2026-03-21 02:04:23 [INFO] signals — Regime: SIDEWAYS  BTC 7d=-1.4%  20d=4.5%  MA50gap=0.2%
2026-03-21 02:04:24 [INFO] signals — Universe (10): ['BTCUSDT', 'ETHUSDT', 'SOLUSDT', 'BNBUSDT', 'XRPUSDT', 'DOGEUSDT', 'TRXUSDT', 'SUIUSDT', 'ADAUSDT', 'LINKUSDT']
2026-03-21 02:04:24 [INFO] signals — Selected (3): ['TRXUSDT', 'XRPUSDT', 'ETHUSDT']
2026-03-21 02:04:24 [INFO] bot — capital=$40,428.04  peak=$40,440.67  positions=['XRPUSDT', 'ETHUSDT']  regime=SIDEWAYS
2026-03-21 02:04:28 [INFO] httpx — HTTP Request: POST https://api.telegram.org/bot8791865245:AAFAjyaA46DA-mUxQe16a2Z0XWtOMHcdHxc/getUpdates "HTTP/1.1 200 OK"
2026-03-21 02:04:39 [INFO] httpx — HTTP Request: POST https://api.telegram.org/bot8791865245:AAFAjyaA46DA-mUxQe16a2Z0XWtOMHcdHxc/getUpdates "HTTP/1.1 200 OK"
2026-03-21 02:04:49 [INFO] httpx — HTTP Request: POST https://api.telegram.org/bot8791865245:AAFAjyaA46DA-mUxQe16a2Z0XWtOMHcdHxc/getUpdates "HTTP/1.1 200 OK"
2026-03-21 02:04:59 [INFO] httpx — HTTP Request: POST https://api.telegram.org/bot8791865245:AAFAjyaA46DA-mUxQe16a2Z0XWtOMHcdHxc/getUpdates "HTTP/1.1 200 OK"
2026-03-21 02:05:09 [INFO] httpx — HTTP Request: POST https://api.telegram.org/bot8791865245:AAFAjyaA46DA-mUxQe16a2Z0XWtOMHcdHxc/getUpdates "HTTP/1.1 200 OK"
2026-03-21 02:05:19 [INFO] httpx — HTTP Request: POST https://api.telegram.org/bot8791865245:AAFAjyaA46DA-mUxQe16a2Z0XWtOMHcdHxc/getUpdates "HTTP/1.1 200 OK"
2026-03-21 02:05:23 [INFO] bot — ──── cycle 18:05:23 UTC week=12  pos=['XRPUSDT', 'ETHUSDT'] ────
2026-03-21 02:05:23 [INFO] httpx — HTTP Request: GET https://mock-api.roostoo.com/v3/balance?timestamp=1774029923418 "HTTP/1.1 200 OK"
2026-03-21 02:05:23 [INFO] signals — Regime: SIDEWAYS  BTC 7d=-1.3%  20d=4.5%  MA50gap=0.2%
2026-03-21 02:05:24 [INFO] signals — Universe (10): ['BTCUSDT', 'ETHUSDT', 'SOLUSDT', 'BNBUSDT', 'XRPUSDT', 'DOGEUSDT', 'TRXUSDT', 'SUIUSDT', 'ADAUSDT', 'LINKUSDT']
2026-03-21 02:05:24 [INFO] signals — Selected (3): ['TRXUSDT', 'XRPUSDT', 'ETHUSDT']
2026-03-21 02:05:24 [INFO] bot — capital=$40,417.66  peak=$40,440.67  positions=['XRPUSDT', 'ETHUSDT']  regime=SIDEWAYS
2026-03-21 02:05:30 [INFO] httpx — HTTP Request: POST https://api.telegram.org/bot8791865245:AAFAjyaA46DA-mUxQe16a2Z0XWtOMHcdHxc/getUpdates "HTTP/1.1 200 OK"
2026-03-21 02:05:38 [INFO] httpx — HTTP Request: POST https://api.telegram.org/bot8791865245:AAFAjyaA46DA-mUxQe16a2Z0XWtOMHcdHxc/getUpdates "HTTP/1.1 200 OK"
2026-03-21 02:05:39 [INFO] httpx — HTTP Request: POST https://api.telegram.org/bot8791865245:AAFAjyaA46DA-mUxQe16a2Z0XWtOMHcdHxc/sendMessage "HTTP/1.1 200 OK"
2026-03-21 02:05:47 [INFO] httpx — HTTP Request: POST https://api.telegram.org/bot8791865245:AAFAjyaA46DA-mUxQe16a2Z0XWtOMHcdHxc/getUpdates "HTTP/1.1 200 OK"
2026-03-21 02:05:48 [INFO] httpx — HTTP Request: POST https://api.telegram.org/bot8791865245:AAFAjyaA46DA-mUxQe16a2Z0XWtOMHcdHxc/sendMessage "HTTP/1.1 200 OK"
2026-03-21 02:05:57 [INFO] httpx — HTTP Request: POST https://api.telegram.org/bot8791865245:AAFAjyaA46DA-mUxQe16a2Z0XWtOMHcdHxc/getUpdates "HTTP/1.1 200 OK"
2026-03-21 02:06:07 [INFO] httpx — HTTP Request: POST https://api.telegram.org/bot8791865245:AAFAjyaA46DA-mUxQe16a2Z0XWtOMHcdHxc/getUpdates "HTTP/1.1 200 OK"
2026-03-21 02:06:08 [INFO] httpx — HTTP Request: POST https://api.telegram.org/bot8791865245:AAFAjyaA46DA-mUxQe16a2Z0XWtOMHcdHxc/sendMessage "HTTP/1.1 200 OK"
2026-03-21 02:06:17 [INFO] httpx — HTTP Request: POST https://api.telegram.org/bot8791865245:AAFAjyaA46DA-mUxQe16a2Z0XWtOMHcdHxc/getUpdates "HTTP/1.1 200 OK"
2026-03-21 02:06:23 [INFO] bot — ──── cycle 18:06:23 UTC week=12  pos=['XRPUSDT', 'ETHUSDT'] ────
2026-03-21 02:06:23 [INFO] httpx — HTTP Request: GET https://mock-api.roostoo.com/v3/balance?timestamp=1774029983430 "HTTP/1.1 200 OK"
2026-03-21 02:06:23 [INFO] signals — Regime: SIDEWAYS  BTC 7d=-1.3%  20d=4.5%  MA50gap=0.2%
2026-03-21 02:06:24 [INFO] signals — Universe (10): ['BTCUSDT', 'ETHUSDT', 'SOLUSDT', 'BNBUSDT', 'XRPUSDT', 'DOGEUSDT', 'TRXUSDT', 'SUIUSDT', 'ADAUSDT', 'LINKUSDT']
2026-03-21 02:06:24 [INFO] signals — Selected (3): ['TRXUSDT', 'XRPUSDT', 'ETHUSDT']
2026-03-21 02:06:24 [INFO] bot — capital=$40,420.57  peak=$40,440.67  positions=['XRPUSDT', 'ETHUSDT']  regime=SIDEWAYS
2026-03-21 02:06:28 [INFO] httpx — HTTP Request: POST https://api.telegram.org/bot8791865245:AAFAjyaA46DA-mUxQe16a2Z0XWtOMHcdHxc/getUpdates "HTTP/1.1 200 OK"
2026-03-21 02:06:38 [INFO] httpx — HTTP Request: POST https://api.telegram.org/bot8791865245:AAFAjyaA46DA-mUxQe16a2Z0XWtOMHcdHxc/getUpdates "HTTP/1.1 200 OK"
2026-03-21 02:06:48 [INFO] httpx — HTTP Request: POST https://api.telegram.org/bot8791865245:AAFAjyaA46DA-mUxQe16a2Z0XWtOMHcdHxc/getUpdates "HTTP/1.1 200 OK"
2026-03-21 02:06:58 [INFO] httpx — HTTP Request: POST https://api.telegram.org/bot8791865245:AAFAjyaA46DA-mUxQe16a2Z0XWtOMHcdHxc/getUpdates "HTTP/1.1 200 OK"
2026-03-21 02:07:08 [INFO] httpx — HTTP Request: POST https://api.telegram.org/bot8791865245:AAFAjyaA46DA-mUxQe16a2Z0XWtOMHcdHxc/getUpdates "HTTP/1.1 200 OK"
2026-03-21 02:07:19 [INFO] httpx — HTTP Request: POST https://api.telegram.org/bot8791865245:AAFAjyaA46DA-mUxQe16a2Z0XWtOMHcdHxc/getUpdates "HTTP/1.1 200 OK"
2026-03-21 02:07:23 [INFO] bot — ──── cycle 18:07:23 UTC week=12  pos=['XRPUSDT', 'ETHUSDT'] ────
2026-03-21 02:07:23 [INFO] httpx — HTTP Request: GET https://mock-api.roostoo.com/v3/balance?timestamp=1774030043430 "HTTP/1.1 200 OK"
2026-03-21 02:07:23 [INFO] signals — Regime: SIDEWAYS  BTC 7d=-1.3%  20d=4.5%  MA50gap=0.2%
2026-03-21 02:07:24 [INFO] signals — Universe (10): ['BTCUSDT', 'ETHUSDT', 'SOLUSDT', 'BNBUSDT', 'XRPUSDT', 'DOGEUSDT', 'TRXUSDT', 'SUIUSDT', 'ADAUSDT', 'LINKUSDT']
2026-03-21 02:07:24 [INFO] signals — Selected (3): ['TRXUSDT', 'XRPUSDT', 'ETHUSDT']
2026-03-21 02:07:24 [INFO] bot — capital=$40,427.10  peak=$40,440.67  positions=['XRPUSDT', 'ETHUSDT']  regime=SIDEWAYS
2026-03-21 02:07:26 [INFO] httpx — HTTP Request: POST https://api.telegram.org/bot8791865245:AAFAjyaA46DA-mUxQe16a2Z0XWtOMHcdHxc/getUpdates "HTTP/1.1 200 OK"
2026-03-21 02:07:27 [INFO] httpx — HTTP Request: POST https://api.telegram.org/bot8791865245:AAFAjyaA46DA-mUxQe16a2Z0XWtOMHcdHxc/sendMessage "HTTP/1.1 200 OK"
2026-03-21 02:07:37 [INFO] httpx — HTTP Request: POST https://api.telegram.org/bot8791865245:AAFAjyaA46DA-mUxQe16a2Z0XWtOMHcdHxc/getUpdates "HTTP/1.1 200 OK"
2026-03-21 02:07:47 [INFO] httpx — HTTP Request: POST https://api.telegram.org/bot8791865245:AAFAjyaA46DA-mUxQe16a2Z0XWtOMHcdHxc/getUpdates "HTTP/1.1 200 OK"
2026-03-21 02:07:57 [INFO] httpx — HTTP Request: POST https://api.telegram.org/bot8791865245:AAFAjyaA46DA-mUxQe16a2Z0XWtOMHcdHxc/getUpdates "HTTP/1.1 200 OK"
2026-03-21 02:08:07 [INFO] httpx — HTTP Request: POST https://api.telegram.org/bot8791865245:AAFAjyaA46DA-mUxQe16a2Z0XWtOMHcdHxc/getUpdates "HTTP/1.1 200 OK"
2026-03-21 02:08:17 [INFO] httpx — HTTP Request: POST https://api.telegram.org/bot8791865245:AAFAjyaA46DA-mUxQe16a2Z0XWtOMHcdHxc/getUpdates "HTTP/1.1 200 OK"
2026-03-21 02:08:23 [INFO] bot — ──── cycle 18:08:23 UTC week=12  pos=['XRPUSDT', 'ETHUSDT'] ────
2026-03-21 02:08:23 [INFO] httpx — HTTP Request: GET https://mock-api.roostoo.com/v3/balance?timestamp=1774030103444 "HTTP/1.1 200 OK"
2026-03-21 02:08:23 [INFO] signals — Regime: SIDEWAYS  BTC 7d=-1.2%  20d=4.6%  MA50gap=0.3%
2026-03-21 02:08:24 [INFO] signals — Universe (10): ['BTCUSDT', 'ETHUSDT', 'SOLUSDT', 'BNBUSDT', 'XRPUSDT', 'DOGEUSDT', 'TRXUSDT', 'SUIUSDT', 'ADAUSDT', 'LINKUSDT']
2026-03-21 02:08:24 [INFO] signals — Selected (3): ['TRXUSDT', 'XRPUSDT', 'ETHUSDT']
2026-03-21 02:08:24 [INFO] bot — capital=$40,424.79  peak=$40,440.67  positions=['XRPUSDT', 'ETHUSDT']  regime=SIDEWAYS
2026-03-21 02:08:28 [INFO] httpx — HTTP Request: POST https://api.telegram.org/bot8791865245:AAFAjyaA46DA-mUxQe16a2Z0XWtOMHcdHxc/getUpdates "HTTP/1.1 200 OK"
2026-03-21 02:08:38 [INFO] httpx — HTTP Request: POST https://api.telegram.org/bot8791865245:AAFAjyaA46DA-mUxQe16a2Z0XWtOMHcdHxc/getUpdates "HTTP/1.1 200 OK"
2026-03-21 02:08:48 [INFO] httpx — HTTP Request: POST https://api.telegram.org/bot8791865245:AAFAjyaA46DA-mUxQe16a2Z0XWtOMHcdHxc/getUpdates "HTTP/1.1 200 OK"
2026-03-21 02:08:58 [INFO] httpx — HTTP Request: POST https://api.telegram.org/bot8791865245:AAFAjyaA46DA-mUxQe16a2Z0XWtOMHcdHxc/getUpdates "HTTP/1.1 200 OK"
2026-03-21 02:09:08 [INFO] httpx — HTTP Request: POST https://api.telegram.org/bot8791865245:AAFAjyaA46DA-mUxQe16a2Z0XWtOMHcdHxc/getUpdates "HTTP/1.1 200 OK"
2026-03-21 02:09:18 [INFO] httpx — HTTP Request: POST https://api.telegram.org/bot8791865245:AAFAjyaA46DA-mUxQe16a2Z0XWtOMHcdHxc/getUpdates "HTTP/1.1 200 OK"
2026-03-21 02:09:23 [INFO] bot — ──── cycle 18:09:23 UTC week=12  pos=['XRPUSDT', 'ETHUSDT'] ────
2026-03-21 02:09:23 [INFO] httpx — HTTP Request: GET https://mock-api.roostoo.com/v3/balance?timestamp=1774030163459 "HTTP/1.1 200 OK"
2026-03-21 02:09:23 [INFO] signals — Regime: SIDEWAYS  BTC 7d=-1.4%  20d=4.4%  MA50gap=0.1%
2026-03-21 02:09:24 [INFO] signals — Universe (10): ['BTCUSDT', 'ETHUSDT', 'SOLUSDT', 'BNBUSDT', 'XRPUSDT', 'DOGEUSDT', 'TRXUSDT', 'SUIUSDT', 'ADAUSDT', 'LINKUSDT']
2026-03-21 02:09:24 [INFO] signals — Selected (3): ['TRXUSDT', 'XRPUSDT', 'ETHUSDT']
2026-03-21 02:09:24 [INFO] bot — capital=$40,433.31  peak=$40,440.67  positions=['XRPUSDT', 'ETHUSDT']  regime=SIDEWAYS
2026-03-21 02:09:29 [INFO] httpx — HTTP Request: POST https://api.telegram.org/bot8791865245:AAFAjyaA46DA-mUxQe16a2Z0XWtOMHcdHxc/getUpdates "HTTP/1.1 200 OK"
2026-03-21 02:09:34 [INFO] httpx — HTTP Request: POST https://api.telegram.org/bot8791865245:AAFAjyaA46DA-mUxQe16a2Z0XWtOMHcdHxc/getUpdates "HTTP/1.1 200 OK"
2026-03-21 02:09:35 [INFO] httpx — HTTP Request: POST https://api.telegram.org/bot8791865245:AAFAjyaA46DA-mUxQe16a2Z0XWtOMHcdHxc/sendMessage "HTTP/1.1 200 OK"
2026-03-21 02:09:43 [INFO] httpx — HTTP Request: POST https://api.telegram.org/bot8791865245:AAFAjyaA46DA-mUxQe16a2Z0XWtOMHcdHxc/getUpdates "HTTP/1.1 200 OK"
2026-03-21 02:09:53 [INFO] httpx — HTTP Request: POST https://api.telegram.org/bot8791865245:AAFAjyaA46DA-mUxQe16a2Z0XWtOMHcdHxc/getUpdates "HTTP/1.1 200 OK"
2026-03-21 02:10:03 [INFO] httpx — HTTP Request: POST https://api.telegram.org/bot8791865245:AAFAjyaA46DA-mUxQe16a2Z0XWtOMHcdHxc/getUpdates "HTTP/1.1 200 OK"
2026-03-21 02:10:13 [INFO] httpx — HTTP Request: POST https://api.telegram.org/bot8791865245:AAFAjyaA46DA-mUxQe16a2Z0XWtOMHcdHxc/getUpdates "HTTP/1.1 200 OK"
2026-03-21 02:10:23 [INFO] bot — ──── cycle 18:10:23 UTC week=12  pos=['XRPUSDT', 'ETHUSDT'] ────
2026-03-21 02:10:23 [INFO] httpx — HTTP Request: GET https://mock-api.roostoo.com/v3/balance?timestamp=1774030223473 "HTTP/1.1 200 OK"
2026-03-21 02:10:23 [INFO] signals — Regime: SIDEWAYS  BTC 7d=-1.4%  20d=4.5%  MA50gap=0.1%
2026-03-21 02:10:24 [INFO] httpx — HTTP Request: POST https://api.telegram.org/bot8791865245:AAFAjyaA46DA-mUxQe16a2Z0XWtOMHcdHxc/getUpdates "HTTP/1.1 200 OK"
2026-03-21 02:10:25 [INFO] signals — Universe (10): ['BTCUSDT', 'ETHUSDT', 'SOLUSDT', 'BNBUSDT', 'XRPUSDT', 'DOGEUSDT', 'TRXUSDT', 'SUIUSDT', 'ADAUSDT', 'LINKUSDT']
2026-03-21 02:10:25 [INFO] signals — Selected (3): ['TRXUSDT', 'XRPUSDT', 'ETHUSDT']
2026-03-21 02:10:25 [INFO] bot — capital=$40,416.15  peak=$40,440.67  positions=['XRPUSDT', 'ETHUSDT']  regime=SIDEWAYS
2026-03-21 02:10:34 [INFO] httpx — HTTP Request: POST https://api.telegram.org/bot8791865245:AAFAjyaA46DA-mUxQe16a2Z0XWtOMHcdHxc/getUpdates "HTTP/1.1 200 OK"
2026-03-21 02:10:44 [INFO] httpx — HTTP Request: POST https://api.telegram.org/bot8791865245:AAFAjyaA46DA-mUxQe16a2Z0XWtOMHcdHxc/getUpdates "HTTP/1.1 200 OK"
2026-03-21 02:10:54 [INFO] httpx — HTTP Request: POST https://api.telegram.org/bot8791865245:AAFAjyaA46DA-mUxQe16a2Z0XWtOMHcdHxc/getUpdates "HTTP/1.1 200 OK"
2026-03-21 02:11:04 [INFO] httpx — HTTP Request: POST https://api.telegram.org/bot8791865245:AAFAjyaA46DA-mUxQe16a2Z0XWtOMHcdHxc/getUpdates "HTTP/1.1 200 OK"
2026-03-21 02:11:14 [INFO] httpx — HTTP Request: POST https://api.telegram.org/bot8791865245:AAFAjyaA46DA-mUxQe16a2Z0XWtOMHcdHxc/getUpdates "HTTP/1.1 200 OK"
2026-03-21 02:11:23 [INFO] bot — ──── cycle 18:11:23 UTC week=12  pos=['XRPUSDT', 'ETHUSDT'] ────
2026-03-21 02:11:23 [INFO] httpx — HTTP Request: GET https://mock-api.roostoo.com/v3/balance?timestamp=1774030283474 "HTTP/1.1 200 OK"
2026-03-21 02:11:23 [INFO] signals — Regime: SIDEWAYS  BTC 7d=-1.4%  20d=4.5%  MA50gap=0.1%
2026-03-21 02:11:24 [INFO] signals — Universe (10): ['BTCUSDT', 'ETHUSDT', 'SOLUSDT', 'BNBUSDT', 'XRPUSDT', 'DOGEUSDT', 'TRXUSDT', 'SUIUSDT', 'ADAUSDT', 'LINKUSDT']
2026-03-21 02:11:24 [INFO] signals — Selected (3): ['TRXUSDT', 'XRPUSDT', 'ETHUSDT']
2026-03-21 02:11:24 [INFO] bot — capital=$40,421.44  peak=$40,440.67  positions=['XRPUSDT', 'ETHUSDT']  regime=SIDEWAYS
2026-03-21 02:11:25 [INFO] httpx — HTTP Request: POST https://api.telegram.org/bot8791865245:AAFAjyaA46DA-mUxQe16a2Z0XWtOMHcdHxc/getUpdates "HTTP/1.1 200 OK"
2026-03-21 02:11:35 [INFO] httpx — HTTP Request: POST https://api.telegram.org/bot8791865245:AAFAjyaA46DA-mUxQe16a2Z0XWtOMHcdHxc/getUpdates "HTTP/1.1 200 OK"
2026-03-21 02:11:45 [INFO] httpx — HTTP Request: POST https://api.telegram.org/bot8791865245:AAFAjyaA46DA-mUxQe16a2Z0XWtOMHcdHxc/getUpdates "HTTP/1.1 200 OK"
2026-03-21 02:11:55 [INFO] httpx — HTTP Request: POST https://api.telegram.org/bot8791865245:AAFAjyaA46DA-mUxQe16a2Z0XWtOMHcdHxc/getUpdates "HTTP/1.1 200 OK"
2026-03-21 02:12:05 [INFO] httpx — HTTP Request: POST https://api.telegram.org/bot8791865245:AAFAjyaA46DA-mUxQe16a2Z0XWtOMHcdHxc/getUpdates "HTTP/1.1 200 OK"
2026-03-21 02:12:16 [INFO] httpx — HTTP Request: POST https://api.telegram.org/bot8791865245:AAFAjyaA46DA-mUxQe16a2Z0XWtOMHcdHxc/getUpdates "HTTP/1.1 200 OK"
2026-03-21 02:12:23 [INFO] bot — ──── cycle 18:12:23 UTC week=12  pos=['XRPUSDT', 'ETHUSDT'] ────
2026-03-21 02:12:23 [INFO] httpx — HTTP Request: GET https://mock-api.roostoo.com/v3/balance?timestamp=1774030343481 "HTTP/1.1 200 OK"
2026-03-21 02:12:23 [INFO] signals — Regime: SIDEWAYS  BTC 7d=-1.3%  20d=4.5%  MA50gap=0.2%
2026-03-21 02:12:24 [INFO] signals — Universe (10): ['BTCUSDT', 'ETHUSDT', 'SOLUSDT', 'BNBUSDT', 'XRPUSDT', 'DOGEUSDT', 'TRXUSDT', 'SUIUSDT', 'ADAUSDT', 'LINKUSDT']
2026-03-21 02:12:24 [INFO] signals — Selected (3): ['TRXUSDT', 'XRPUSDT', 'ETHUSDT']
2026-03-21 02:12:24 [INFO] bot — capital=$40,417.51  peak=$40,440.67  positions=['XRPUSDT', 'ETHUSDT']  regime=SIDEWAYS
2026-03-21 02:12:26 [INFO] httpx — HTTP Request: POST https://api.telegram.org/bot8791865245:AAFAjyaA46DA-mUxQe16a2Z0XWtOMHcdHxc/getUpdates "HTTP/1.1 200 OK"
